2022-03-18 17:22:25,777 [main] INFO  c.t.b.f.a.AuditApplication [Method=logStarting] [Line=55] - Starting AuditApplication using Java 11.0.6 on BOG-GR8BRV2 with PID 18500 (C:\Users\jhernpin\OneDrive - everis\Documentos\git_gruposRoles\Viabilizador_B2B_BK\audit\target\classes started by jhernpin in C:\Users\jhernpin\OneDrive - everis\Documentos\git_gruposRoles\Viabilizador_B2B_BK)
2022-03-18 17:22:25,786 [main] DEBUG c.t.b.f.a.AuditApplication [Method=logStarting] [Line=56] - Running with Spring Boot v2.4.5, Spring v5.3.6
2022-03-18 17:22:25,786 [main] INFO  c.t.b.f.a.AuditApplication [Method=logStartupProfileInfo] [Line=679] - The following profiles are active: dev
2022-03-18 17:22:26,703 [main] INFO  o.s.d.r.c.RepositoryConfigurationDelegate [Method=registerRepositoriesIn] [Line=128] - Bootstrapping Spring Data JPA repositories in DEFAULT mode.
2022-03-18 17:22:26,786 [main] INFO  o.s.d.r.c.RepositoryConfigurationDelegate [Method=registerRepositoriesIn] [Line=188] - Finished Spring Data repository scanning in 74 ms. Found 2 JPA repository interfaces.
2022-03-18 17:22:27,079 [main] INFO  o.s.c.c.s.GenericScope [Method=setSerializationId] [Line=283] - BeanFactory id=9445584c-e689-3114-9512-3319af53a4cf
2022-03-18 17:22:27,127 [main] INFO  c.u.j.c.EnableEncryptablePropertiesBeanFactoryPostProcessor [Method=postProcessBeanFactory] [Line=39] - Post-processing PropertySource instances
2022-03-18 17:22:27,151 [main] INFO  c.u.j.EncryptablePropertySourceConverter [Method=makeEncryptable] [Line=56] - Converting PropertySource configurationProperties [org.springframework.boot.context.properties.source.ConfigurationPropertySourcesPropertySource] to AOP Proxy
2022-03-18 17:22:27,152 [main] INFO  c.u.j.EncryptablePropertySourceConverter [Method=makeEncryptable] [Line=56] - Converting PropertySource servletConfigInitParams [org.springframework.core.env.PropertySource$StubPropertySource] to EncryptablePropertySourceWrapper
2022-03-18 17:22:27,153 [main] INFO  c.u.j.EncryptablePropertySourceConverter [Method=makeEncryptable] [Line=56] - Converting PropertySource servletContextInitParams [org.springframework.core.env.PropertySource$StubPropertySource] to EncryptablePropertySourceWrapper
2022-03-18 17:22:27,154 [main] INFO  c.u.j.EncryptablePropertySourceConverter [Method=makeEncryptable] [Line=56] - Converting PropertySource systemProperties [org.springframework.core.env.PropertiesPropertySource] to EncryptableMapPropertySourceWrapper
2022-03-18 17:22:27,154 [main] INFO  c.u.j.EncryptablePropertySourceConverter [Method=makeEncryptable] [Line=56] - Converting PropertySource systemEnvironment [org.springframework.boot.env.SystemEnvironmentPropertySourceEnvironmentPostProcessor$OriginAwareSystemEnvironmentPropertySource] to EncryptableSystemEnvironmentPropertySourceWrapper
2022-03-18 17:22:27,154 [main] INFO  c.u.j.EncryptablePropertySourceConverter [Method=makeEncryptable] [Line=56] - Converting PropertySource random [org.springframework.boot.env.RandomValuePropertySource] to EncryptablePropertySourceWrapper
2022-03-18 17:22:27,155 [main] INFO  c.u.j.EncryptablePropertySourceConverter [Method=makeEncryptable] [Line=56] - Converting PropertySource cachedrandom [org.springframework.cloud.util.random.CachedRandomPropertySource] to EncryptablePropertySourceWrapper
2022-03-18 17:22:27,155 [main] INFO  c.u.j.EncryptablePropertySourceConverter [Method=makeEncryptable] [Line=56] - Converting PropertySource springCloudClientHostInfo [org.springframework.core.env.MapPropertySource] to EncryptableMapPropertySourceWrapper
2022-03-18 17:22:27,155 [main] INFO  c.u.j.EncryptablePropertySourceConverter [Method=makeEncryptable] [Line=56] - Converting PropertySource Config resource 'class path resource [application-dev.properties]' via location 'optional:classpath:/' [org.springframework.boot.env.OriginTrackedMapPropertySource] to EncryptableMapPropertySourceWrapper
2022-03-18 17:22:27,155 [main] INFO  c.u.j.EncryptablePropertySourceConverter [Method=makeEncryptable] [Line=56] - Converting PropertySource Config resource 'class path resource [application.properties]' via location 'optional:classpath:/' [org.springframework.boot.env.OriginTrackedMapPropertySource] to EncryptableMapPropertySourceWrapper
2022-03-18 17:22:27,185 [main] INFO  c.u.j.f.DefaultLazyPropertyFilter [Method=lambda$null$2] [Line=31] - Property Filter custom Bean not found with name 'encryptablePropertyFilter'. Initializing Default Property Filter
2022-03-18 17:22:27,376 [main] INFO  c.u.j.r.DefaultLazyPropertyResolver [Method=lambda$null$2] [Line=35] - Property Resolver custom Bean not found with name 'encryptablePropertyResolver'. Initializing Default Property Resolver
2022-03-18 17:22:27,378 [main] INFO  c.u.j.d.DefaultLazyPropertyDetector [Method=lambda$null$2] [Line=35] - Property Detector custom Bean not found with name 'encryptablePropertyDetector'. Initializing Default Property Detector
2022-03-18 17:22:27,549 [main] INFO  o.s.b.w.e.t.TomcatWebServer [Method=initialize] [Line=108] - Tomcat initialized with port(s): 9002 (http)
2022-03-18 17:22:27,558 [main] INFO  o.a.c.c.StandardService [Method=log] [Line=173] - Starting service [Tomcat]
2022-03-18 17:22:27,558 [main] INFO  o.a.c.c.StandardEngine [Method=log] [Line=173] - Starting Servlet engine: [Apache Tomcat/9.0.45]
2022-03-18 17:22:27,723 [main] INFO  o.a.c.c.C.[.[.[/] [Method=log] [Line=173] - Initializing Spring embedded WebApplicationContext
2022-03-18 17:22:27,723 [main] INFO  o.s.b.w.s.c.ServletWebServerApplicationContext [Method=prepareWebApplicationContext] [Line=289] - Root WebApplicationContext: initialization completed in 1879 ms
2022-03-18 17:22:27,777 [main] INFO  c.u.j.e.DefaultLazyEncryptor [Method=lambda$null$2] [Line=37] - String Encryptor custom Bean not found with name 'jasyptStringEncryptor'. Initializing Default String Encryptor
2022-03-18 17:22:27,787 [main] INFO  c.u.j.c.StringEncryptorBuilder [Method=get] [Line=81] - Encryptor config not found for property jasypt.encryptor.key-obtention-iterations, using default value: 1000
2022-03-18 17:22:27,787 [main] INFO  c.u.j.c.StringEncryptorBuilder [Method=get] [Line=81] - Encryptor config not found for property jasypt.encryptor.pool-size, using default value: 1
2022-03-18 17:22:27,787 [main] INFO  c.u.j.c.StringEncryptorBuilder [Method=get] [Line=81] - Encryptor config not found for property jasypt.encryptor.provider-name, using default value: null
2022-03-18 17:22:27,788 [main] INFO  c.u.j.c.StringEncryptorBuilder [Method=get] [Line=81] - Encryptor config not found for property jasypt.encryptor.provider-class-name, using default value: null
2022-03-18 17:22:27,788 [main] INFO  c.u.j.c.StringEncryptorBuilder [Method=get] [Line=81] - Encryptor config not found for property jasypt.encryptor.salt-generator-classname, using default value: org.jasypt.salt.RandomSaltGenerator
2022-03-18 17:22:27,790 [main] INFO  c.u.j.c.StringEncryptorBuilder [Method=get] [Line=81] - Encryptor config not found for property jasypt.encryptor.string-output-type, using default value: base64
2022-03-18 17:22:28,019 [main] INFO  o.h.j.i.u.LogHelper [Method=logPersistenceUnitInformation] [Line=31] - HHH000204: Processing PersistenceUnitInfo [name: default]
2022-03-18 17:22:28,115 [main] INFO  o.hibernate.Version [Method=logVersion] [Line=44] - HHH000412: Hibernate ORM core version 5.4.31.Final
2022-03-18 17:22:28,310 [main] INFO  o.h.a.common.Version [Method=<clinit>] [Line=56] - HCANN000001: Hibernate Commons Annotations {5.1.2.Final}
2022-03-18 17:22:28,459 [main] INFO  c.z.h.HikariDataSource [Method=getConnection] [Line=110] - HikariPool-1 - Starting...
2022-03-18 17:22:28,718 [main] INFO  c.z.h.HikariDataSource [Method=getConnection] [Line=123] - HikariPool-1 - Start completed.
2022-03-18 17:22:28,738 [main] INFO  o.h.dialect.Dialect [Method=<init>] [Line=175] - HHH000400: Using dialect: org.hibernate.dialect.SQLServer2012Dialect
2022-03-18 17:22:29,700 [main] INFO  o.h.e.t.j.p.i.JtaPlatformInitiator [Method=initiateService] [Line=52] - HHH000490: Using JtaPlatform implementation: [org.hibernate.engine.transaction.jta.platform.internal.NoJtaPlatform]
2022-03-18 17:22:29,711 [main] INFO  o.s.o.j.LocalContainerEntityManagerFactoryBean [Method=buildNativeEntityManagerFactory] [Line=437] - Initialized JPA EntityManagerFactory for persistence unit 'default'
2022-03-18 17:22:30,164 [main] WARN  o.s.b.a.o.j.JpaBaseConfiguration$JpaWebConfiguration [Method=openEntityManagerInViewInterceptor] [Line=221] - spring.jpa.open-in-view is enabled by default. Therefore, database queries may be performed during view rendering. Explicitly configure spring.jpa.open-in-view to disable this warning
2022-03-18 17:22:30,508 [main] INFO  o.s.s.c.ThreadPoolTaskExecutor [Method=initialize] [Line=181] - Initializing ExecutorService 'applicationTaskExecutor'
2022-03-18 17:22:31,402 [main] INFO  o.s.c.n.e.c.DiscoveryClientOptionalArgsConfiguration [Method=restTemplateDiscoveryClientOptionalArgs] [Line=68] - Eureka HTTP Client uses RestTemplate.
2022-03-18 17:22:32,093 [main] WARN  o.s.c.l.c.LoadBalancerCacheAutoConfiguration$LoadBalancerCaffeineWarnLogger [Method=logWarning] [Line=82] - Spring Cloud LoadBalancer is currently working with the default cache. You can switch to using Caffeine cache, by adding it and org.springframework.cache.caffeine.CaffeineCacheManager to the classpath.
2022-03-18 17:22:32,161 [main] INFO  o.s.c.n.e.InstanceInfoFactory [Method=create] [Line=67] - Setting initial instance status as: STARTING
2022-03-18 17:22:32,192 [main] INFO  c.n.d.DiscoveryClient [Method=<init>] [Line=372] - Initializing Eureka in region us-east-1
2022-03-18 17:22:32,197 [main] INFO  c.n.d.s.r.a.ConfigClusterResolver [Method=getClusterEndpoints] [Line=43] - Resolving eureka endpoints via configuration
2022-03-18 17:22:32,643 [main] INFO  c.n.d.DiscoveryClient [Method=fetchRegistry] [Line=1007] - Disable delta property : false
2022-03-18 17:22:32,643 [main] INFO  c.n.d.DiscoveryClient [Method=fetchRegistry] [Line=1008] - Single vip registry refresh property : null
2022-03-18 17:22:32,644 [main] INFO  c.n.d.DiscoveryClient [Method=fetchRegistry] [Line=1009] - Force full registry fetch : false
2022-03-18 17:22:32,644 [main] INFO  c.n.d.DiscoveryClient [Method=fetchRegistry] [Line=1010] - Application is null : false
2022-03-18 17:22:32,644 [main] INFO  c.n.d.DiscoveryClient [Method=fetchRegistry] [Line=1011] - Registered Applications size is zero : true
2022-03-18 17:22:32,644 [main] INFO  c.n.d.DiscoveryClient [Method=fetchRegistry] [Line=1013] - Application version is -1: true
2022-03-18 17:22:32,644 [main] INFO  c.n.d.DiscoveryClient [Method=getAndStoreFullRegistry] [Line=1097] - Getting all instance registry info from the eureka server
2022-03-18 17:22:33,057 [main] INFO  c.n.d.DiscoveryClient [Method=getAndStoreFullRegistry] [Line=1106] - The response status is 200
2022-03-18 17:22:33,060 [main] INFO  c.n.d.DiscoveryClient [Method=initScheduledTasks] [Line=1321] - Starting heartbeat executor: renew interval is: 30
2022-03-18 17:22:33,063 [main] INFO  c.n.d.InstanceInfoReplicator [Method=<init>] [Line=60] - InstanceInfoReplicator onDemand update allowed rate per min is 4
2022-03-18 17:22:33,069 [main] INFO  c.n.d.DiscoveryClient [Method=<init>] [Line=492] - Discovery Client initialized at timestamp 1647642153068 with initial instances count: 0
2022-03-18 17:22:33,072 [main] INFO  o.s.c.n.e.s.EurekaServiceRegistry [Method=register] [Line=41] - Registering application FEASIBILITY-AUDIT with eureka with status UP
2022-03-18 17:22:33,072 [main] INFO  c.n.d.DiscoveryClient [Method=notify] [Line=1352] - Saw local status change event StatusChangeEvent [timestamp=1647642153072, current=UP, previous=STARTING]
2022-03-18 17:22:33,075 [DiscoveryClient-InstanceInfoReplicator-0] INFO  c.n.d.DiscoveryClient [Method=register] [Line=873] - DiscoveryClient_FEASIBILITY-AUDIT/BOG-GR8BRV2.usersad.everis.int:feasibility-audit:9002: registering service...
2022-03-18 17:22:33,104 [main] INFO  o.s.b.w.e.t.TomcatWebServer [Method=start] [Line=220] - Tomcat started on port(s): 9002 (http) with context path ''
2022-03-18 17:22:33,105 [main] INFO  o.s.c.n.e.s.EurekaAutoServiceRegistration [Method=onApplicationEvent] [Line=144] - Updating port to 9002
2022-03-18 17:22:33,170 [DiscoveryClient-InstanceInfoReplicator-0] INFO  c.n.d.DiscoveryClient [Method=register] [Line=882] - DiscoveryClient_FEASIBILITY-AUDIT/BOG-GR8BRV2.usersad.everis.int:feasibility-audit:9002 - registration status: 204
2022-03-18 17:22:33,838 [main] INFO  c.t.b.f.a.AuditApplication [Method=logStarted] [Line=61] - Started AuditApplication in 9.759 seconds (JVM running for 11.964)
2022-03-18 17:23:03,066 [DiscoveryClient-CacheRefreshExecutor-0] INFO  c.n.d.DiscoveryClient [Method=fetchRegistry] [Line=1007] - Disable delta property : false
2022-03-18 17:23:03,066 [DiscoveryClient-CacheRefreshExecutor-0] INFO  c.n.d.DiscoveryClient [Method=fetchRegistry] [Line=1008] - Single vip registry refresh property : null
2022-03-18 17:23:03,067 [DiscoveryClient-CacheRefreshExecutor-0] INFO  c.n.d.DiscoveryClient [Method=fetchRegistry] [Line=1009] - Force full registry fetch : false
2022-03-18 17:23:03,067 [DiscoveryClient-CacheRefreshExecutor-0] INFO  c.n.d.DiscoveryClient [Method=fetchRegistry] [Line=1010] - Application is null : false
2022-03-18 17:23:03,067 [DiscoveryClient-CacheRefreshExecutor-0] INFO  c.n.d.DiscoveryClient [Method=fetchRegistry] [Line=1011] - Registered Applications size is zero : true
2022-03-18 17:23:03,067 [DiscoveryClient-CacheRefreshExecutor-0] INFO  c.n.d.DiscoveryClient [Method=fetchRegistry] [Line=1013] - Application version is -1: false
2022-03-18 17:23:03,068 [DiscoveryClient-CacheRefreshExecutor-0] INFO  c.n.d.DiscoveryClient [Method=getAndStoreFullRegistry] [Line=1097] - Getting all instance registry info from the eureka server
2022-03-18 17:23:03,088 [DiscoveryClient-CacheRefreshExecutor-0] INFO  c.n.d.DiscoveryClient [Method=getAndStoreFullRegistry] [Line=1106] - The response status is 200
2022-03-18 17:25:11,598 [main] INFO  c.t.b.f.d.DatapowerApplication [Method=logStarting] [Line=55] - Starting DatapowerApplication using Java 11.0.6 on BOG-GR8BRV2 with PID 24816 (C:\Users\jhernpin\OneDrive - everis\Documentos\git_gruposRoles\Viabilizador_B2B_BK\datapower\target\classes started by jhernpin in C:\Users\jhernpin\OneDrive - everis\Documentos\git_gruposRoles\Viabilizador_B2B_BK)
2022-03-18 17:25:11,601 [main] DEBUG c.t.b.f.d.DatapowerApplication [Method=logStarting] [Line=56] - Running with Spring Boot v2.4.5, Spring v5.3.6
2022-03-18 17:25:11,602 [main] INFO  c.t.b.f.d.DatapowerApplication [Method=logStartupProfileInfo] [Line=679] - The following profiles are active: dev
2022-03-18 17:25:12,719 [main] INFO  o.s.d.r.c.RepositoryConfigurationDelegate [Method=registerRepositoriesIn] [Line=128] - Bootstrapping Spring Data JPA repositories in DEFAULT mode.
2022-03-18 17:25:12,876 [main] INFO  o.s.d.r.c.RepositoryConfigurationDelegate [Method=registerRepositoriesIn] [Line=188] - Finished Spring Data repository scanning in 144 ms. Found 8 JPA repository interfaces.
2022-03-18 17:25:13,266 [main] INFO  o.s.c.c.s.GenericScope [Method=setSerializationId] [Line=283] - BeanFactory id=5912af2c-4907-398d-bba7-3e45ca431caa
2022-03-18 17:25:13,342 [main] INFO  c.u.j.c.EnableEncryptablePropertiesBeanFactoryPostProcessor [Method=postProcessBeanFactory] [Line=39] - Post-processing PropertySource instances
2022-03-18 17:25:13,376 [main] INFO  c.u.j.EncryptablePropertySourceConverter [Method=makeEncryptable] [Line=56] - Converting PropertySource configurationProperties [org.springframework.boot.context.properties.source.ConfigurationPropertySourcesPropertySource] to AOP Proxy
2022-03-18 17:25:13,379 [main] INFO  c.u.j.EncryptablePropertySourceConverter [Method=makeEncryptable] [Line=56] - Converting PropertySource servletConfigInitParams [org.springframework.core.env.PropertySource$StubPropertySource] to EncryptablePropertySourceWrapper
2022-03-18 17:25:13,379 [main] INFO  c.u.j.EncryptablePropertySourceConverter [Method=makeEncryptable] [Line=56] - Converting PropertySource servletContextInitParams [org.springframework.core.env.PropertySource$StubPropertySource] to EncryptablePropertySourceWrapper
2022-03-18 17:25:13,380 [main] INFO  c.u.j.EncryptablePropertySourceConverter [Method=makeEncryptable] [Line=56] - Converting PropertySource systemProperties [org.springframework.core.env.PropertiesPropertySource] to EncryptableMapPropertySourceWrapper
2022-03-18 17:25:13,381 [main] INFO  c.u.j.EncryptablePropertySourceConverter [Method=makeEncryptable] [Line=56] - Converting PropertySource systemEnvironment [org.springframework.boot.env.SystemEnvironmentPropertySourceEnvironmentPostProcessor$OriginAwareSystemEnvironmentPropertySource] to EncryptableSystemEnvironmentPropertySourceWrapper
2022-03-18 17:25:13,381 [main] INFO  c.u.j.EncryptablePropertySourceConverter [Method=makeEncryptable] [Line=56] - Converting PropertySource random [org.springframework.boot.env.RandomValuePropertySource] to EncryptablePropertySourceWrapper
2022-03-18 17:25:13,382 [main] INFO  c.u.j.EncryptablePropertySourceConverter [Method=makeEncryptable] [Line=56] - Converting PropertySource cachedrandom [org.springframework.cloud.util.random.CachedRandomPropertySource] to EncryptablePropertySourceWrapper
2022-03-18 17:25:13,382 [main] INFO  c.u.j.EncryptablePropertySourceConverter [Method=makeEncryptable] [Line=56] - Converting PropertySource springCloudClientHostInfo [org.springframework.core.env.MapPropertySource] to EncryptableMapPropertySourceWrapper
2022-03-18 17:25:13,382 [main] INFO  c.u.j.EncryptablePropertySourceConverter [Method=makeEncryptable] [Line=56] - Converting PropertySource Config resource 'class path resource [application-dev.properties]' via location 'optional:classpath:/' [org.springframework.boot.env.OriginTrackedMapPropertySource] to EncryptableMapPropertySourceWrapper
2022-03-18 17:25:13,382 [main] INFO  c.u.j.EncryptablePropertySourceConverter [Method=makeEncryptable] [Line=56] - Converting PropertySource Config resource 'class path resource [application.properties]' via location 'optional:classpath:/' [org.springframework.boot.env.OriginTrackedMapPropertySource] to EncryptableMapPropertySourceWrapper
2022-03-18 17:25:13,415 [main] INFO  o.s.c.s.PostProcessorRegistrationDelegate$BeanPostProcessorChecker [Method=postProcessAfterInitialization] [Line=376] - Bean 'webServiceConfig' of type [com.telefonica.b2b.feasibility.datapower.config.WebServiceConfig$$EnhancerBySpringCGLIB$$ba43b285] is not eligible for getting processed by all BeanPostProcessors (for example: not eligible for auto-proxying)
2022-03-18 17:25:13,416 [main] INFO  o.s.c.s.PostProcessorRegistrationDelegate$BeanPostProcessorChecker [Method=postProcessAfterInitialization] [Line=376] - Bean 'org.springframework.ws.config.annotation.DelegatingWsConfiguration' of type [org.springframework.ws.config.annotation.DelegatingWsConfiguration$$EnhancerBySpringCGLIB$$110efbc1] is not eligible for getting processed by all BeanPostProcessors (for example: not eligible for auto-proxying)
2022-03-18 17:25:13,445 [main] INFO  o.s.w.s.a.s.AnnotationActionEndpointMapping [Method=afterPropertiesSet] [Line=236] - Supporting [WS-Addressing August 2004, WS-Addressing 1.0]
2022-03-18 17:25:13,459 [main] INFO  c.u.j.f.DefaultLazyPropertyFilter [Method=lambda$null$2] [Line=31] - Property Filter custom Bean not found with name 'encryptablePropertyFilter'. Initializing Default Property Filter
2022-03-18 17:25:13,708 [main] INFO  c.u.j.r.DefaultLazyPropertyResolver [Method=lambda$null$2] [Line=35] - Property Resolver custom Bean not found with name 'encryptablePropertyResolver'. Initializing Default Property Resolver
2022-03-18 17:25:13,710 [main] INFO  c.u.j.d.DefaultLazyPropertyDetector [Method=lambda$null$2] [Line=35] - Property Detector custom Bean not found with name 'encryptablePropertyDetector'. Initializing Default Property Detector
2022-03-18 17:25:13,914 [main] INFO  o.s.b.w.e.t.TomcatWebServer [Method=initialize] [Line=108] - Tomcat initialized with port(s): 9001 (http)
2022-03-18 17:25:13,929 [main] INFO  o.a.c.c.StandardService [Method=log] [Line=173] - Starting service [Tomcat]
2022-03-18 17:25:13,929 [main] INFO  o.a.c.c.StandardEngine [Method=log] [Line=173] - Starting Servlet engine: [Apache Tomcat/9.0.45]
2022-03-18 17:25:14,143 [main] INFO  o.a.c.c.C.[.[.[/] [Method=log] [Line=173] - Initializing Spring embedded WebApplicationContext
2022-03-18 17:25:14,143 [main] INFO  o.s.b.w.s.c.ServletWebServerApplicationContext [Method=prepareWebApplicationContext] [Line=289] - Root WebApplicationContext: initialization completed in 2502 ms
2022-03-18 17:25:14,213 [main] INFO  c.u.j.e.DefaultLazyEncryptor [Method=lambda$null$2] [Line=37] - String Encryptor custom Bean not found with name 'jasyptStringEncryptor'. Initializing Default String Encryptor
2022-03-18 17:25:14,226 [main] INFO  c.u.j.c.StringEncryptorBuilder [Method=get] [Line=81] - Encryptor config not found for property jasypt.encryptor.key-obtention-iterations, using default value: 1000
2022-03-18 17:25:14,227 [main] INFO  c.u.j.c.StringEncryptorBuilder [Method=get] [Line=81] - Encryptor config not found for property jasypt.encryptor.pool-size, using default value: 1
2022-03-18 17:25:14,228 [main] INFO  c.u.j.c.StringEncryptorBuilder [Method=get] [Line=81] - Encryptor config not found for property jasypt.encryptor.provider-name, using default value: null
2022-03-18 17:25:14,229 [main] INFO  c.u.j.c.StringEncryptorBuilder [Method=get] [Line=81] - Encryptor config not found for property jasypt.encryptor.provider-class-name, using default value: null
2022-03-18 17:25:14,229 [main] INFO  c.u.j.c.StringEncryptorBuilder [Method=get] [Line=81] - Encryptor config not found for property jasypt.encryptor.salt-generator-classname, using default value: org.jasypt.salt.RandomSaltGenerator
2022-03-18 17:25:14,232 [main] INFO  c.u.j.c.StringEncryptorBuilder [Method=get] [Line=81] - Encryptor config not found for property jasypt.encryptor.string-output-type, using default value: base64
2022-03-18 17:25:14,549 [main] INFO  o.h.j.i.u.LogHelper [Method=logPersistenceUnitInformation] [Line=31] - HHH000204: Processing PersistenceUnitInfo [name: default]
2022-03-18 17:25:14,611 [main] INFO  o.hibernate.Version [Method=logVersion] [Line=44] - HHH000412: Hibernate ORM core version 5.4.30.Final
2022-03-18 17:25:14,733 [main] INFO  o.h.a.common.Version [Method=<clinit>] [Line=56] - HCANN000001: Hibernate Commons Annotations {5.1.2.Final}
2022-03-18 17:25:14,872 [main] INFO  c.z.h.HikariDataSource [Method=getConnection] [Line=110] - HikariPool-1 - Starting...
2022-03-18 17:25:15,182 [main] INFO  c.z.h.HikariDataSource [Method=getConnection] [Line=123] - HikariPool-1 - Start completed.
2022-03-18 17:25:15,205 [main] INFO  o.h.dialect.Dialect [Method=<init>] [Line=175] - HHH000400: Using dialect: org.hibernate.dialect.SQLServer2012Dialect
2022-03-18 17:25:16,375 [main] INFO  o.h.e.t.j.p.i.JtaPlatformInitiator [Method=initiateService] [Line=52] - HHH000490: Using JtaPlatform implementation: [org.hibernate.engine.transaction.jta.platform.internal.NoJtaPlatform]
2022-03-18 17:25:16,386 [main] INFO  o.s.o.j.LocalContainerEntityManagerFactoryBean [Method=buildNativeEntityManagerFactory] [Line=437] - Initialized JPA EntityManagerFactory for persistence unit 'default'
2022-03-18 17:25:16,451 [main] INFO  o.s.w.s.s.SaajSoapMessageFactory [Method=afterPropertiesSet] [Line=141] - Creating SAAJ 1.3 MessageFactory with SOAP 1.1 Protocol
2022-03-18 17:25:16,771 [main] INFO  o.s.w.s.s.SaajSoapMessageFactory [Method=afterPropertiesSet] [Line=141] - Creating SAAJ 1.3 MessageFactory with SOAP 1.1 Protocol
2022-03-18 17:25:16,896 [main] WARN  o.s.b.a.o.j.JpaBaseConfiguration$JpaWebConfiguration [Method=openEntityManagerInViewInterceptor] [Line=221] - spring.jpa.open-in-view is enabled by default. Therefore, database queries may be performed during view rendering. Explicitly configure spring.jpa.open-in-view to disable this warning
2022-03-18 17:25:17,698 [main] INFO  o.s.s.c.ThreadPoolTaskExecutor [Method=initialize] [Line=181] - Initializing ExecutorService 'applicationTaskExecutor'
2022-03-18 17:25:18,698 [main] INFO  o.s.c.n.e.c.DiscoveryClientOptionalArgsConfiguration [Method=restTemplateDiscoveryClientOptionalArgs] [Line=68] - Eureka HTTP Client uses RestTemplate.
2022-03-18 17:25:19,426 [main] WARN  o.s.c.l.c.LoadBalancerCacheAutoConfiguration$LoadBalancerCaffeineWarnLogger [Method=logWarning] [Line=82] - Spring Cloud LoadBalancer is currently working with the default cache. You can switch to using Caffeine cache, by adding it and org.springframework.cache.caffeine.CaffeineCacheManager to the classpath.
2022-03-18 17:25:19,503 [main] INFO  o.s.c.n.e.InstanceInfoFactory [Method=create] [Line=67] - Setting initial instance status as: STARTING
2022-03-18 17:25:19,545 [main] INFO  c.n.d.DiscoveryClient [Method=<init>] [Line=372] - Initializing Eureka in region us-east-1
2022-03-18 17:25:19,551 [main] INFO  c.n.d.s.r.a.ConfigClusterResolver [Method=getClusterEndpoints] [Line=43] - Resolving eureka endpoints via configuration
2022-03-18 17:25:20,041 [main] INFO  c.n.d.DiscoveryClient [Method=fetchRegistry] [Line=1007] - Disable delta property : false
2022-03-18 17:25:20,042 [main] INFO  c.n.d.DiscoveryClient [Method=fetchRegistry] [Line=1008] - Single vip registry refresh property : null
2022-03-18 17:25:20,042 [main] INFO  c.n.d.DiscoveryClient [Method=fetchRegistry] [Line=1009] - Force full registry fetch : false
2022-03-18 17:25:20,042 [main] INFO  c.n.d.DiscoveryClient [Method=fetchRegistry] [Line=1010] - Application is null : false
2022-03-18 17:25:20,042 [main] INFO  c.n.d.DiscoveryClient [Method=fetchRegistry] [Line=1011] - Registered Applications size is zero : true
2022-03-18 17:25:20,042 [main] INFO  c.n.d.DiscoveryClient [Method=fetchRegistry] [Line=1013] - Application version is -1: true
2022-03-18 17:25:20,042 [main] INFO  c.n.d.DiscoveryClient [Method=getAndStoreFullRegistry] [Line=1097] - Getting all instance registry info from the eureka server
2022-03-18 17:25:20,351 [main] INFO  c.n.d.DiscoveryClient [Method=getAndStoreFullRegistry] [Line=1106] - The response status is 200
2022-03-18 17:25:20,355 [main] INFO  c.n.d.DiscoveryClient [Method=initScheduledTasks] [Line=1321] - Starting heartbeat executor: renew interval is: 30
2022-03-18 17:25:20,358 [main] INFO  c.n.d.InstanceInfoReplicator [Method=<init>] [Line=60] - InstanceInfoReplicator onDemand update allowed rate per min is 4
2022-03-18 17:25:20,365 [main] INFO  c.n.d.DiscoveryClient [Method=<init>] [Line=492] - Discovery Client initialized at timestamp 1647642320364 with initial instances count: 1
2022-03-18 17:25:20,368 [main] INFO  o.s.c.n.e.s.EurekaServiceRegistry [Method=register] [Line=41] - Registering application FEASIBILITY-DATAPOWER with eureka with status UP
2022-03-18 17:25:20,369 [main] INFO  c.n.d.DiscoveryClient [Method=notify] [Line=1352] - Saw local status change event StatusChangeEvent [timestamp=1647642320369, current=UP, previous=STARTING]
2022-03-18 17:25:20,372 [DiscoveryClient-InstanceInfoReplicator-0] INFO  c.n.d.DiscoveryClient [Method=register] [Line=873] - DiscoveryClient_FEASIBILITY-DATAPOWER/BOG-GR8BRV2.usersad.everis.int:feasibility-datapower:9001: registering service...
2022-03-18 17:25:20,406 [main] INFO  o.s.b.w.e.t.TomcatWebServer [Method=start] [Line=220] - Tomcat started on port(s): 9001 (http) with context path ''
2022-03-18 17:25:20,407 [main] INFO  o.s.c.n.e.s.EurekaAutoServiceRegistration [Method=onApplicationEvent] [Line=144] - Updating port to 9001
2022-03-18 17:25:20,430 [DiscoveryClient-InstanceInfoReplicator-0] INFO  c.n.d.DiscoveryClient [Method=register] [Line=882] - DiscoveryClient_FEASIBILITY-DATAPOWER/BOG-GR8BRV2.usersad.everis.int:feasibility-datapower:9001 - registration status: 204
2022-03-18 17:25:21,135 [main] INFO  c.t.b.f.d.DatapowerApplication [Method=logStarted] [Line=61] - Started DatapowerApplication in 11.25 seconds (JVM running for 13.661)
2022-03-18 17:27:32,663 [AsyncResolver-bootstrap-executor-0] INFO  c.n.d.s.r.a.ConfigClusterResolver [Method=getClusterEndpoints] [Line=43] - Resolving eureka endpoints via configuration
2022-03-18 17:30:20,050 [AsyncResolver-bootstrap-executor-0] INFO  c.n.d.s.r.a.ConfigClusterResolver [Method=getClusterEndpoints] [Line=43] - Resolving eureka endpoints via configuration
2022-03-18 17:32:32,678 [AsyncResolver-bootstrap-executor-0] INFO  c.n.d.s.r.a.ConfigClusterResolver [Method=getClusterEndpoints] [Line=43] - Resolving eureka endpoints via configuration
2022-03-18 17:35:20,065 [AsyncResolver-bootstrap-executor-0] INFO  c.n.d.s.r.a.ConfigClusterResolver [Method=getClusterEndpoints] [Line=43] - Resolving eureka endpoints via configuration
2022-03-18 17:36:08,685 [main] INFO  c.t.b.f.s.StatusMachineApplication [Method=logStarting] [Line=55] - Starting StatusMachineApplication using Java 11.0.6 on BOG-GR8BRV2 with PID 21864 (C:\Users\jhernpin\OneDrive - everis\Documentos\git_gruposRoles\Viabilizador_B2B_BK\statusMachine\target\classes started by jhernpin in C:\Users\jhernpin\OneDrive - everis\Documentos\git_gruposRoles\Viabilizador_B2B_BK)
2022-03-18 17:36:08,688 [main] DEBUG c.t.b.f.s.StatusMachineApplication [Method=logStarting] [Line=56] - Running with Spring Boot v2.5.3, Spring v5.3.9
2022-03-18 17:36:08,689 [main] INFO  c.t.b.f.s.StatusMachineApplication [Method=logStartupProfileInfo] [Line=663] - The following profiles are active: dev
2022-03-18 17:36:09,545 [main] INFO  o.s.d.r.c.RepositoryConfigurationDelegate [Method=registerRepositoriesIn] [Line=132] - Bootstrapping Spring Data JPA repositories in DEFAULT mode.
2022-03-18 17:36:09,644 [main] INFO  o.s.d.r.c.RepositoryConfigurationDelegate [Method=registerRepositoriesIn] [Line=201] - Finished Spring Data repository scanning in 88 ms. Found 3 JPA repository interfaces.
2022-03-18 17:36:09,938 [main] INFO  o.s.c.c.s.GenericScope [Method=setSerializationId] [Line=283] - BeanFactory id=d3e9fcb8-84a7-337b-b4be-01573ef29309
2022-03-18 17:36:10,024 [main] INFO  c.u.j.c.EnableEncryptablePropertiesBeanFactoryPostProcessor [Method=postProcessBeanFactory] [Line=39] - Post-processing PropertySource instances
2022-03-18 17:36:10,045 [main] INFO  c.u.j.EncryptablePropertySourceConverter [Method=makeEncryptable] [Line=56] - Converting PropertySource configurationProperties [org.springframework.boot.context.properties.source.ConfigurationPropertySourcesPropertySource] to AOP Proxy
2022-03-18 17:36:10,047 [main] INFO  c.u.j.EncryptablePropertySourceConverter [Method=makeEncryptable] [Line=56] - Converting PropertySource servletConfigInitParams [org.springframework.core.env.PropertySource$StubPropertySource] to EncryptablePropertySourceWrapper
2022-03-18 17:36:10,047 [main] INFO  c.u.j.EncryptablePropertySourceConverter [Method=makeEncryptable] [Line=56] - Converting PropertySource servletContextInitParams [org.springframework.core.env.PropertySource$StubPropertySource] to EncryptablePropertySourceWrapper
2022-03-18 17:36:10,047 [main] INFO  c.u.j.EncryptablePropertySourceConverter [Method=makeEncryptable] [Line=56] - Converting PropertySource systemProperties [org.springframework.core.env.PropertiesPropertySource] to EncryptableMapPropertySourceWrapper
2022-03-18 17:36:10,048 [main] INFO  c.u.j.EncryptablePropertySourceConverter [Method=makeEncryptable] [Line=56] - Converting PropertySource systemEnvironment [org.springframework.boot.env.SystemEnvironmentPropertySourceEnvironmentPostProcessor$OriginAwareSystemEnvironmentPropertySource] to EncryptableSystemEnvironmentPropertySourceWrapper
2022-03-18 17:36:10,048 [main] INFO  c.u.j.EncryptablePropertySourceConverter [Method=makeEncryptable] [Line=56] - Converting PropertySource random [org.springframework.boot.env.RandomValuePropertySource] to EncryptablePropertySourceWrapper
2022-03-18 17:36:10,048 [main] INFO  c.u.j.EncryptablePropertySourceConverter [Method=makeEncryptable] [Line=56] - Converting PropertySource cachedrandom [org.springframework.cloud.util.random.CachedRandomPropertySource] to EncryptablePropertySourceWrapper
2022-03-18 17:36:10,049 [main] INFO  c.u.j.EncryptablePropertySourceConverter [Method=makeEncryptable] [Line=56] - Converting PropertySource springCloudClientHostInfo [org.springframework.core.env.MapPropertySource] to EncryptableMapPropertySourceWrapper
2022-03-18 17:36:10,049 [main] INFO  c.u.j.EncryptablePropertySourceConverter [Method=makeEncryptable] [Line=56] - Converting PropertySource Config resource 'class path resource [application-dev.properties]' via location 'optional:classpath:/' [org.springframework.boot.env.OriginTrackedMapPropertySource] to EncryptableMapPropertySourceWrapper
2022-03-18 17:36:10,049 [main] INFO  c.u.j.EncryptablePropertySourceConverter [Method=makeEncryptable] [Line=56] - Converting PropertySource Config resource 'class path resource [application.properties]' via location 'optional:classpath:/' [org.springframework.boot.env.OriginTrackedMapPropertySource] to EncryptableMapPropertySourceWrapper
2022-03-18 17:36:10,078 [main] INFO  c.u.j.f.DefaultLazyPropertyFilter [Method=lambda$null$2] [Line=31] - Property Filter custom Bean not found with name 'encryptablePropertyFilter'. Initializing Default Property Filter
2022-03-18 17:36:10,294 [main] INFO  c.u.j.r.DefaultLazyPropertyResolver [Method=lambda$null$2] [Line=35] - Property Resolver custom Bean not found with name 'encryptablePropertyResolver'. Initializing Default Property Resolver
2022-03-18 17:36:10,297 [main] INFO  c.u.j.d.DefaultLazyPropertyDetector [Method=lambda$null$2] [Line=35] - Property Detector custom Bean not found with name 'encryptablePropertyDetector'. Initializing Default Property Detector
2022-03-18 17:36:10,506 [main] INFO  o.s.b.w.e.t.TomcatWebServer [Method=initialize] [Line=108] - Tomcat initialized with port(s): 9007 (http)
2022-03-18 17:36:10,521 [main] INFO  o.a.c.c.StandardService [Method=log] [Line=173] - Starting service [Tomcat]
2022-03-18 17:36:10,521 [main] INFO  o.a.c.c.StandardEngine [Method=log] [Line=173] - Starting Servlet engine: [Apache Tomcat/9.0.50]
2022-03-18 17:36:10,721 [main] INFO  o.a.c.c.C.[.[.[/] [Method=log] [Line=173] - Initializing Spring embedded WebApplicationContext
2022-03-18 17:36:10,721 [main] INFO  o.s.b.w.s.c.ServletWebServerApplicationContext [Method=prepareWebApplicationContext] [Line=290] - Root WebApplicationContext: initialization completed in 1992 ms
2022-03-18 17:36:10,787 [main] INFO  c.u.j.e.DefaultLazyEncryptor [Method=lambda$null$2] [Line=37] - String Encryptor custom Bean not found with name 'jasyptStringEncryptor'. Initializing Default String Encryptor
2022-03-18 17:36:10,798 [main] INFO  c.u.j.c.StringEncryptorBuilder [Method=get] [Line=81] - Encryptor config not found for property jasypt.encryptor.key-obtention-iterations, using default value: 1000
2022-03-18 17:36:10,799 [main] INFO  c.u.j.c.StringEncryptorBuilder [Method=get] [Line=81] - Encryptor config not found for property jasypt.encryptor.pool-size, using default value: 1
2022-03-18 17:36:10,800 [main] INFO  c.u.j.c.StringEncryptorBuilder [Method=get] [Line=81] - Encryptor config not found for property jasypt.encryptor.provider-name, using default value: null
2022-03-18 17:36:10,800 [main] INFO  c.u.j.c.StringEncryptorBuilder [Method=get] [Line=81] - Encryptor config not found for property jasypt.encryptor.provider-class-name, using default value: null
2022-03-18 17:36:10,801 [main] INFO  c.u.j.c.StringEncryptorBuilder [Method=get] [Line=81] - Encryptor config not found for property jasypt.encryptor.salt-generator-classname, using default value: org.jasypt.salt.RandomSaltGenerator
2022-03-18 17:36:10,803 [main] INFO  c.u.j.c.StringEncryptorBuilder [Method=get] [Line=81] - Encryptor config not found for property jasypt.encryptor.string-output-type, using default value: base64
2022-03-18 17:36:11,028 [main] INFO  o.h.j.i.u.LogHelper [Method=logPersistenceUnitInformation] [Line=31] - HHH000204: Processing PersistenceUnitInfo [name: default]
2022-03-18 17:36:11,092 [main] INFO  o.hibernate.Version [Method=logVersion] [Line=44] - HHH000412: Hibernate ORM core version 5.4.32.Final
2022-03-18 17:36:11,235 [main] INFO  o.h.a.common.Version [Method=<clinit>] [Line=56] - HCANN000001: Hibernate Commons Annotations {5.1.2.Final}
2022-03-18 17:36:11,364 [main] INFO  c.z.h.HikariDataSource [Method=getConnection] [Line=110] - HikariPool-1 - Starting...
2022-03-18 17:36:11,660 [main] INFO  c.z.h.HikariDataSource [Method=getConnection] [Line=123] - HikariPool-1 - Start completed.
2022-03-18 17:36:11,685 [main] INFO  o.h.dialect.Dialect [Method=<init>] [Line=175] - HHH000400: Using dialect: org.hibernate.dialect.SQLServer2012Dialect
2022-03-18 17:36:12,908 [main] INFO  o.h.e.t.j.p.i.JtaPlatformInitiator [Method=initiateService] [Line=52] - HHH000490: Using JtaPlatform implementation: [org.hibernate.engine.transaction.jta.platform.internal.NoJtaPlatform]
2022-03-18 17:36:12,923 [main] INFO  o.s.o.j.LocalContainerEntityManagerFactoryBean [Method=buildNativeEntityManagerFactory] [Line=437] - Initialized JPA EntityManagerFactory for persistence unit 'default'
2022-03-18 17:36:13,382 [main] WARN  o.s.b.a.o.j.JpaBaseConfiguration$JpaWebConfiguration [Method=openEntityManagerInViewInterceptor] [Line=219] - spring.jpa.open-in-view is enabled by default. Therefore, database queries may be performed during view rendering. Explicitly configure spring.jpa.open-in-view to disable this warning
2022-03-18 17:36:14,723 [main] INFO  o.s.c.n.e.c.DiscoveryClientOptionalArgsConfiguration [Method=restTemplateDiscoveryClientOptionalArgs] [Line=68] - Eureka HTTP Client uses RestTemplate.
2022-03-18 17:36:16,184 [main] WARN  o.s.c.l.c.LoadBalancerCacheAutoConfiguration$LoadBalancerCaffeineWarnLogger [Method=logWarning] [Line=82] - Spring Cloud LoadBalancer is currently working with the default cache. You can switch to using Caffeine cache, by adding it and org.springframework.cache.caffeine.CaffeineCacheManager to the classpath.
2022-03-18 17:36:16,526 [main] INFO  o.s.c.n.e.InstanceInfoFactory [Method=create] [Line=67] - Setting initial instance status as: STARTING
2022-03-18 17:36:16,658 [main] INFO  c.n.d.DiscoveryClient [Method=<init>] [Line=372] - Initializing Eureka in region us-east-1
2022-03-18 17:36:16,675 [main] INFO  c.n.d.s.r.a.ConfigClusterResolver [Method=getClusterEndpoints] [Line=43] - Resolving eureka endpoints via configuration
2022-03-18 17:36:16,772 [main] INFO  c.n.d.DiscoveryClient [Method=fetchRegistry] [Line=1007] - Disable delta property : false
2022-03-18 17:36:16,776 [main] INFO  c.n.d.DiscoveryClient [Method=fetchRegistry] [Line=1008] - Single vip registry refresh property : null
2022-03-18 17:36:16,785 [main] INFO  c.n.d.DiscoveryClient [Method=fetchRegistry] [Line=1009] - Force full registry fetch : false
2022-03-18 17:36:16,786 [main] INFO  c.n.d.DiscoveryClient [Method=fetchRegistry] [Line=1010] - Application is null : false
2022-03-18 17:36:16,787 [main] INFO  c.n.d.DiscoveryClient [Method=fetchRegistry] [Line=1011] - Registered Applications size is zero : true
2022-03-18 17:36:16,789 [main] INFO  c.n.d.DiscoveryClient [Method=fetchRegistry] [Line=1013] - Application version is -1: true
2022-03-18 17:36:16,791 [main] INFO  c.n.d.DiscoveryClient [Method=getAndStoreFullRegistry] [Line=1097] - Getting all instance registry info from the eureka server
2022-03-18 17:36:17,436 [main] INFO  c.n.d.DiscoveryClient [Method=getAndStoreFullRegistry] [Line=1106] - The response status is 200
2022-03-18 17:36:17,443 [main] INFO  c.n.d.DiscoveryClient [Method=initScheduledTasks] [Line=1321] - Starting heartbeat executor: renew interval is: 30
2022-03-18 17:36:17,448 [main] INFO  c.n.d.InstanceInfoReplicator [Method=<init>] [Line=60] - InstanceInfoReplicator onDemand update allowed rate per min is 4
2022-03-18 17:36:17,456 [main] INFO  c.n.d.DiscoveryClient [Method=<init>] [Line=492] - Discovery Client initialized at timestamp 1647642977455 with initial instances count: 6
2022-03-18 17:36:17,462 [main] INFO  o.s.c.n.e.s.EurekaServiceRegistry [Method=register] [Line=41] - Registering application FEASIBILITY-STATUS-MACHINE with eureka with status UP
2022-03-18 17:36:17,463 [main] INFO  c.n.d.DiscoveryClient [Method=notify] [Line=1352] - Saw local status change event StatusChangeEvent [timestamp=1647642977463, current=UP, previous=STARTING]
2022-03-18 17:36:17,467 [DiscoveryClient-InstanceInfoReplicator-0] INFO  c.n.d.DiscoveryClient [Method=register] [Line=873] - DiscoveryClient_FEASIBILITY-STATUS-MACHINE/BOG-GR8BRV2.usersad.everis.int:feasibility-status-machine:9007: registering service...
2022-03-18 17:36:17,515 [main] INFO  o.s.b.w.e.t.TomcatWebServer [Method=start] [Line=220] - Tomcat started on port(s): 9007 (http) with context path ''
2022-03-18 17:36:17,516 [main] INFO  o.s.c.n.e.s.EurekaAutoServiceRegistration [Method=onApplicationEvent] [Line=144] - Updating port to 9007
2022-03-18 17:36:17,546 [DiscoveryClient-InstanceInfoReplicator-0] INFO  c.n.d.DiscoveryClient [Method=register] [Line=882] - DiscoveryClient_FEASIBILITY-STATUS-MACHINE/BOG-GR8BRV2.usersad.everis.int:feasibility-status-machine:9007 - registration status: 204
2022-03-18 17:36:18,476 [main] INFO  c.t.b.f.s.StatusMachineApplication [Method=logStarted] [Line=61] - Started StatusMachineApplication in 11.378 seconds (JVM running for 13.038)
2022-03-18 17:37:32,688 [AsyncResolver-bootstrap-executor-0] INFO  c.n.d.s.r.a.ConfigClusterResolver [Method=getClusterEndpoints] [Line=43] - Resolving eureka endpoints via configuration
2022-03-18 17:40:20,067 [AsyncResolver-bootstrap-executor-0] INFO  c.n.d.s.r.a.ConfigClusterResolver [Method=getClusterEndpoints] [Line=43] - Resolving eureka endpoints via configuration
2022-03-18 17:41:16,814 [AsyncResolver-bootstrap-executor-0] INFO  c.n.d.s.r.a.ConfigClusterResolver [Method=getClusterEndpoints] [Line=43] - Resolving eureka endpoints via configuration
2022-03-18 17:42:32,699 [AsyncResolver-bootstrap-executor-0] INFO  c.n.d.s.r.a.ConfigClusterResolver [Method=getClusterEndpoints] [Line=43] - Resolving eureka endpoints via configuration
2022-03-18 17:45:20,069 [AsyncResolver-bootstrap-executor-0] INFO  c.n.d.s.r.a.ConfigClusterResolver [Method=getClusterEndpoints] [Line=43] - Resolving eureka endpoints via configuration
2022-03-18 17:46:16,823 [AsyncResolver-bootstrap-executor-0] INFO  c.n.d.s.r.a.ConfigClusterResolver [Method=getClusterEndpoints] [Line=43] - Resolving eureka endpoints via configuration
2022-03-18 17:47:32,708 [AsyncResolver-bootstrap-executor-0] INFO  c.n.d.s.r.a.ConfigClusterResolver [Method=getClusterEndpoints] [Line=43] - Resolving eureka endpoints via configuration
2022-03-18 17:50:20,081 [AsyncResolver-bootstrap-executor-0] INFO  c.n.d.s.r.a.ConfigClusterResolver [Method=getClusterEndpoints] [Line=43] - Resolving eureka endpoints via configuration
2022-03-18 17:51:16,836 [AsyncResolver-bootstrap-executor-0] INFO  c.n.d.s.r.a.ConfigClusterResolver [Method=getClusterEndpoints] [Line=43] - Resolving eureka endpoints via configuration
2022-03-18 17:52:32,721 [AsyncResolver-bootstrap-executor-0] INFO  c.n.d.s.r.a.ConfigClusterResolver [Method=getClusterEndpoints] [Line=43] - Resolving eureka endpoints via configuration
2022-03-18 17:55:20,090 [AsyncResolver-bootstrap-executor-0] INFO  c.n.d.s.r.a.ConfigClusterResolver [Method=getClusterEndpoints] [Line=43] - Resolving eureka endpoints via configuration
2022-03-18 17:56:09,117 [http-nio-9001-exec-1] INFO  o.a.c.c.C.[.[.[/] [Method=log] [Line=173] - Initializing Spring DispatcherServlet 'dispatcherServlet'
2022-03-18 17:56:09,118 [http-nio-9001-exec-1] INFO  o.s.w.s.DispatcherServlet [Method=initServletBean] [Line=525] - Initializing Servlet 'dispatcherServlet'
2022-03-18 17:56:09,121 [http-nio-9001-exec-1] INFO  o.s.w.s.DispatcherServlet [Method=initServletBean] [Line=547] - Completed initialization in 3 ms
2022-03-18 17:56:16,850 [AsyncResolver-bootstrap-executor-0] INFO  c.n.d.s.r.a.ConfigClusterResolver [Method=getClusterEndpoints] [Line=43] - Resolving eureka endpoints via configuration
2022-03-18 17:57:32,734 [AsyncResolver-bootstrap-executor-0] INFO  c.n.d.s.r.a.ConfigClusterResolver [Method=getClusterEndpoints] [Line=43] - Resolving eureka endpoints via configuration
2022-03-18 18:00:20,092 [AsyncResolver-bootstrap-executor-0] INFO  c.n.d.s.r.a.ConfigClusterResolver [Method=getClusterEndpoints] [Line=43] - Resolving eureka endpoints via configuration
2022-03-18 18:01:16,856 [AsyncResolver-bootstrap-executor-0] INFO  c.n.d.s.r.a.ConfigClusterResolver [Method=getClusterEndpoints] [Line=43] - Resolving eureka endpoints via configuration
2022-03-18 18:02:32,742 [AsyncResolver-bootstrap-executor-0] INFO  c.n.d.s.r.a.ConfigClusterResolver [Method=getClusterEndpoints] [Line=43] - Resolving eureka endpoints via configuration
2022-03-18 18:05:20,102 [AsyncResolver-bootstrap-executor-0] INFO  c.n.d.s.r.a.ConfigClusterResolver [Method=getClusterEndpoints] [Line=43] - Resolving eureka endpoints via configuration
2022-03-18 18:06:16,872 [AsyncResolver-bootstrap-executor-0] INFO  c.n.d.s.r.a.ConfigClusterResolver [Method=getClusterEndpoints] [Line=43] - Resolving eureka endpoints via configuration
2022-03-18 18:07:32,743 [AsyncResolver-bootstrap-executor-0] INFO  c.n.d.s.r.a.ConfigClusterResolver [Method=getClusterEndpoints] [Line=43] - Resolving eureka endpoints via configuration
2022-03-18 18:10:20,114 [AsyncResolver-bootstrap-executor-0] INFO  c.n.d.s.r.a.ConfigClusterResolver [Method=getClusterEndpoints] [Line=43] - Resolving eureka endpoints via configuration
2022-03-18 18:11:16,877 [AsyncResolver-bootstrap-executor-0] INFO  c.n.d.s.r.a.ConfigClusterResolver [Method=getClusterEndpoints] [Line=43] - Resolving eureka endpoints via configuration
2022-03-18 18:12:32,745 [AsyncResolver-bootstrap-executor-0] INFO  c.n.d.s.r.a.ConfigClusterResolver [Method=getClusterEndpoints] [Line=43] - Resolving eureka endpoints via configuration
2022-03-18 18:15:20,117 [AsyncResolver-bootstrap-executor-0] INFO  c.n.d.s.r.a.ConfigClusterResolver [Method=getClusterEndpoints] [Line=43] - Resolving eureka endpoints via configuration
2022-03-18 18:16:16,888 [AsyncResolver-bootstrap-executor-0] INFO  c.n.d.s.r.a.ConfigClusterResolver [Method=getClusterEndpoints] [Line=43] - Resolving eureka endpoints via configuration
2022-03-18 18:17:32,751 [AsyncResolver-bootstrap-executor-0] INFO  c.n.d.s.r.a.ConfigClusterResolver [Method=getClusterEndpoints] [Line=43] - Resolving eureka endpoints via configuration
2022-03-18 18:20:20,123 [AsyncResolver-bootstrap-executor-0] INFO  c.n.d.s.r.a.ConfigClusterResolver [Method=getClusterEndpoints] [Line=43] - Resolving eureka endpoints via configuration
2022-03-18 18:21:16,900 [AsyncResolver-bootstrap-executor-0] INFO  c.n.d.s.r.a.ConfigClusterResolver [Method=getClusterEndpoints] [Line=43] - Resolving eureka endpoints via configuration
2022-03-18 18:22:32,758 [AsyncResolver-bootstrap-executor-0] INFO  c.n.d.s.r.a.ConfigClusterResolver [Method=getClusterEndpoints] [Line=43] - Resolving eureka endpoints via configuration
2022-03-18 18:25:20,130 [AsyncResolver-bootstrap-executor-0] INFO  c.n.d.s.r.a.ConfigClusterResolver [Method=getClusterEndpoints] [Line=43] - Resolving eureka endpoints via configuration
2022-03-18 18:26:16,910 [AsyncResolver-bootstrap-executor-0] INFO  c.n.d.s.r.a.ConfigClusterResolver [Method=getClusterEndpoints] [Line=43] - Resolving eureka endpoints via configuration
2022-03-18 18:27:32,764 [AsyncResolver-bootstrap-executor-0] INFO  c.n.d.s.r.a.ConfigClusterResolver [Method=getClusterEndpoints] [Line=43] - Resolving eureka endpoints via configuration
2022-03-18 18:30:20,133 [AsyncResolver-bootstrap-executor-0] INFO  c.n.d.s.r.a.ConfigClusterResolver [Method=getClusterEndpoints] [Line=43] - Resolving eureka endpoints via configuration
2022-03-18 18:31:16,924 [AsyncResolver-bootstrap-executor-0] INFO  c.n.d.s.r.a.ConfigClusterResolver [Method=getClusterEndpoints] [Line=43] - Resolving eureka endpoints via configuration
2022-03-18 18:32:32,778 [AsyncResolver-bootstrap-executor-0] INFO  c.n.d.s.r.a.ConfigClusterResolver [Method=getClusterEndpoints] [Line=43] - Resolving eureka endpoints via configuration
2022-03-18 18:35:20,147 [AsyncResolver-bootstrap-executor-0] INFO  c.n.d.s.r.a.ConfigClusterResolver [Method=getClusterEndpoints] [Line=43] - Resolving eureka endpoints via configuration
2022-03-18 18:36:16,927 [AsyncResolver-bootstrap-executor-0] INFO  c.n.d.s.r.a.ConfigClusterResolver [Method=getClusterEndpoints] [Line=43] - Resolving eureka endpoints via configuration
2022-03-18 18:37:32,784 [AsyncResolver-bootstrap-executor-0] INFO  c.n.d.s.r.a.ConfigClusterResolver [Method=getClusterEndpoints] [Line=43] - Resolving eureka endpoints via configuration
2022-03-18 18:40:20,157 [AsyncResolver-bootstrap-executor-0] INFO  c.n.d.s.r.a.ConfigClusterResolver [Method=getClusterEndpoints] [Line=43] - Resolving eureka endpoints via configuration
2022-03-18 18:41:16,942 [AsyncResolver-bootstrap-executor-0] INFO  c.n.d.s.r.a.ConfigClusterResolver [Method=getClusterEndpoints] [Line=43] - Resolving eureka endpoints via configuration
2022-03-18 18:42:32,794 [AsyncResolver-bootstrap-executor-0] INFO  c.n.d.s.r.a.ConfigClusterResolver [Method=getClusterEndpoints] [Line=43] - Resolving eureka endpoints via configuration
2022-03-18 18:45:20,161 [AsyncResolver-bootstrap-executor-0] INFO  c.n.d.s.r.a.ConfigClusterResolver [Method=getClusterEndpoints] [Line=43] - Resolving eureka endpoints via configuration
2022-03-18 18:46:16,958 [AsyncResolver-bootstrap-executor-0] INFO  c.n.d.s.r.a.ConfigClusterResolver [Method=getClusterEndpoints] [Line=43] - Resolving eureka endpoints via configuration
2022-03-18 18:47:32,808 [AsyncResolver-bootstrap-executor-0] INFO  c.n.d.s.r.a.ConfigClusterResolver [Method=getClusterEndpoints] [Line=43] - Resolving eureka endpoints via configuration
2022-03-18 18:50:20,166 [AsyncResolver-bootstrap-executor-0] INFO  c.n.d.s.r.a.ConfigClusterResolver [Method=getClusterEndpoints] [Line=43] - Resolving eureka endpoints via configuration
2022-03-18 18:51:16,970 [AsyncResolver-bootstrap-executor-0] INFO  c.n.d.s.r.a.ConfigClusterResolver [Method=getClusterEndpoints] [Line=43] - Resolving eureka endpoints via configuration
2022-03-18 18:52:32,814 [AsyncResolver-bootstrap-executor-0] INFO  c.n.d.s.r.a.ConfigClusterResolver [Method=getClusterEndpoints] [Line=43] - Resolving eureka endpoints via configuration
2022-03-18 18:54:13,756 [http-nio-9007-exec-1] INFO  o.a.c.c.C.[.[.[/] [Method=log] [Line=173] - Initializing Spring DispatcherServlet 'dispatcherServlet'
2022-03-18 18:54:13,758 [http-nio-9007-exec-1] INFO  o.s.w.s.DispatcherServlet [Method=initServletBean] [Line=525] - Initializing Servlet 'dispatcherServlet'
2022-03-18 18:54:13,782 [http-nio-9007-exec-1] INFO  o.s.w.s.DispatcherServlet [Method=initServletBean] [Line=547] - Completed initialization in 23 ms
2022-03-18 18:55:20,168 [AsyncResolver-bootstrap-executor-0] INFO  c.n.d.s.r.a.ConfigClusterResolver [Method=getClusterEndpoints] [Line=43] - Resolving eureka endpoints via configuration
2022-03-18 18:56:16,974 [AsyncResolver-bootstrap-executor-0] INFO  c.n.d.s.r.a.ConfigClusterResolver [Method=getClusterEndpoints] [Line=43] - Resolving eureka endpoints via configuration
2022-03-18 18:57:32,824 [AsyncResolver-bootstrap-executor-0] INFO  c.n.d.s.r.a.ConfigClusterResolver [Method=getClusterEndpoints] [Line=43] - Resolving eureka endpoints via configuration
2022-03-18 19:00:20,183 [AsyncResolver-bootstrap-executor-0] INFO  c.n.d.s.r.a.ConfigClusterResolver [Method=getClusterEndpoints] [Line=43] - Resolving eureka endpoints via configuration
2022-03-18 19:01:16,983 [AsyncResolver-bootstrap-executor-0] INFO  c.n.d.s.r.a.ConfigClusterResolver [Method=getClusterEndpoints] [Line=43] - Resolving eureka endpoints via configuration
2022-03-18 19:02:32,838 [AsyncResolver-bootstrap-executor-0] INFO  c.n.d.s.r.a.ConfigClusterResolver [Method=getClusterEndpoints] [Line=43] - Resolving eureka endpoints via configuration
2022-03-18 19:05:20,194 [AsyncResolver-bootstrap-executor-0] INFO  c.n.d.s.r.a.ConfigClusterResolver [Method=getClusterEndpoints] [Line=43] - Resolving eureka endpoints via configuration
2022-03-18 19:06:16,991 [AsyncResolver-bootstrap-executor-0] INFO  c.n.d.s.r.a.ConfigClusterResolver [Method=getClusterEndpoints] [Line=43] - Resolving eureka endpoints via configuration
2022-03-18 19:07:32,849 [AsyncResolver-bootstrap-executor-0] INFO  c.n.d.s.r.a.ConfigClusterResolver [Method=getClusterEndpoints] [Line=43] - Resolving eureka endpoints via configuration
2022-03-18 19:10:20,209 [AsyncResolver-bootstrap-executor-0] INFO  c.n.d.s.r.a.ConfigClusterResolver [Method=getClusterEndpoints] [Line=43] - Resolving eureka endpoints via configuration
2022-03-18 19:11:16,995 [AsyncResolver-bootstrap-executor-0] INFO  c.n.d.s.r.a.ConfigClusterResolver [Method=getClusterEndpoints] [Line=43] - Resolving eureka endpoints via configuration
2022-03-18 19:12:32,858 [AsyncResolver-bootstrap-executor-0] INFO  c.n.d.s.r.a.ConfigClusterResolver [Method=getClusterEndpoints] [Line=43] - Resolving eureka endpoints via configuration
2022-03-18 19:15:20,216 [AsyncResolver-bootstrap-executor-0] INFO  c.n.d.s.r.a.ConfigClusterResolver [Method=getClusterEndpoints] [Line=43] - Resolving eureka endpoints via configuration
2022-03-18 19:16:16,998 [AsyncResolver-bootstrap-executor-0] INFO  c.n.d.s.r.a.ConfigClusterResolver [Method=getClusterEndpoints] [Line=43] - Resolving eureka endpoints via configuration
2022-03-18 19:17:32,870 [AsyncResolver-bootstrap-executor-0] INFO  c.n.d.s.r.a.ConfigClusterResolver [Method=getClusterEndpoints] [Line=43] - Resolving eureka endpoints via configuration
2022-03-18 19:20:20,226 [AsyncResolver-bootstrap-executor-0] INFO  c.n.d.s.r.a.ConfigClusterResolver [Method=getClusterEndpoints] [Line=43] - Resolving eureka endpoints via configuration
2022-03-18 19:21:17,005 [AsyncResolver-bootstrap-executor-0] INFO  c.n.d.s.r.a.ConfigClusterResolver [Method=getClusterEndpoints] [Line=43] - Resolving eureka endpoints via configuration
2022-03-18 19:22:32,879 [AsyncResolver-bootstrap-executor-0] INFO  c.n.d.s.r.a.ConfigClusterResolver [Method=getClusterEndpoints] [Line=43] - Resolving eureka endpoints via configuration
2022-03-18 19:25:20,230 [AsyncResolver-bootstrap-executor-0] INFO  c.n.d.s.r.a.ConfigClusterResolver [Method=getClusterEndpoints] [Line=43] - Resolving eureka endpoints via configuration
2022-03-18 19:26:17,021 [AsyncResolver-bootstrap-executor-0] INFO  c.n.d.s.r.a.ConfigClusterResolver [Method=getClusterEndpoints] [Line=43] - Resolving eureka endpoints via configuration
2022-03-18 19:27:32,882 [AsyncResolver-bootstrap-executor-0] INFO  c.n.d.s.r.a.ConfigClusterResolver [Method=getClusterEndpoints] [Line=43] - Resolving eureka endpoints via configuration
2022-03-18 19:30:20,238 [AsyncResolver-bootstrap-executor-0] INFO  c.n.d.s.r.a.ConfigClusterResolver [Method=getClusterEndpoints] [Line=43] - Resolving eureka endpoints via configuration
2022-03-18 19:31:17,027 [AsyncResolver-bootstrap-executor-0] INFO  c.n.d.s.r.a.ConfigClusterResolver [Method=getClusterEndpoints] [Line=43] - Resolving eureka endpoints via configuration
2022-03-18 19:32:32,887 [AsyncResolver-bootstrap-executor-0] INFO  c.n.d.s.r.a.ConfigClusterResolver [Method=getClusterEndpoints] [Line=43] - Resolving eureka endpoints via configuration
2022-03-18 19:35:20,241 [AsyncResolver-bootstrap-executor-0] INFO  c.n.d.s.r.a.ConfigClusterResolver [Method=getClusterEndpoints] [Line=43] - Resolving eureka endpoints via configuration
2022-03-18 19:36:17,034 [AsyncResolver-bootstrap-executor-0] INFO  c.n.d.s.r.a.ConfigClusterResolver [Method=getClusterEndpoints] [Line=43] - Resolving eureka endpoints via configuration
2022-03-18 19:37:32,890 [AsyncResolver-bootstrap-executor-0] INFO  c.n.d.s.r.a.ConfigClusterResolver [Method=getClusterEndpoints] [Line=43] - Resolving eureka endpoints via configuration
2022-03-18 19:40:20,246 [AsyncResolver-bootstrap-executor-0] INFO  c.n.d.s.r.a.ConfigClusterResolver [Method=getClusterEndpoints] [Line=43] - Resolving eureka endpoints via configuration
2022-03-18 19:41:17,050 [AsyncResolver-bootstrap-executor-0] INFO  c.n.d.s.r.a.ConfigClusterResolver [Method=getClusterEndpoints] [Line=43] - Resolving eureka endpoints via configuration
2022-03-18 19:42:32,902 [AsyncResolver-bootstrap-executor-0] INFO  c.n.d.s.r.a.ConfigClusterResolver [Method=getClusterEndpoints] [Line=43] - Resolving eureka endpoints via configuration
2022-03-18 19:45:20,248 [AsyncResolver-bootstrap-executor-0] INFO  c.n.d.s.r.a.ConfigClusterResolver [Method=getClusterEndpoints] [Line=43] - Resolving eureka endpoints via configuration
2022-03-18 19:46:17,053 [AsyncResolver-bootstrap-executor-0] INFO  c.n.d.s.r.a.ConfigClusterResolver [Method=getClusterEndpoints] [Line=43] - Resolving eureka endpoints via configuration
2022-03-18 19:47:32,918 [AsyncResolver-bootstrap-executor-0] INFO  c.n.d.s.r.a.ConfigClusterResolver [Method=getClusterEndpoints] [Line=43] - Resolving eureka endpoints via configuration
2022-03-18 19:50:20,252 [AsyncResolver-bootstrap-executor-0] INFO  c.n.d.s.r.a.ConfigClusterResolver [Method=getClusterEndpoints] [Line=43] - Resolving eureka endpoints via configuration
2022-03-18 19:51:17,061 [AsyncResolver-bootstrap-executor-0] INFO  c.n.d.s.r.a.ConfigClusterResolver [Method=getClusterEndpoints] [Line=43] - Resolving eureka endpoints via configuration
2022-03-18 19:52:32,931 [AsyncResolver-bootstrap-executor-0] INFO  c.n.d.s.r.a.ConfigClusterResolver [Method=getClusterEndpoints] [Line=43] - Resolving eureka endpoints via configuration
2022-03-18 19:55:20,257 [AsyncResolver-bootstrap-executor-0] INFO  c.n.d.s.r.a.ConfigClusterResolver [Method=getClusterEndpoints] [Line=43] - Resolving eureka endpoints via configuration
2022-03-18 19:56:17,062 [AsyncResolver-bootstrap-executor-0] INFO  c.n.d.s.r.a.ConfigClusterResolver [Method=getClusterEndpoints] [Line=43] - Resolving eureka endpoints via configuration
2022-03-18 19:57:32,937 [AsyncResolver-bootstrap-executor-0] INFO  c.n.d.s.r.a.ConfigClusterResolver [Method=getClusterEndpoints] [Line=43] - Resolving eureka endpoints via configuration
2022-03-18 20:00:20,263 [AsyncResolver-bootstrap-executor-0] INFO  c.n.d.s.r.a.ConfigClusterResolver [Method=getClusterEndpoints] [Line=43] - Resolving eureka endpoints via configuration
2022-03-18 20:01:17,075 [AsyncResolver-bootstrap-executor-0] INFO  c.n.d.s.r.a.ConfigClusterResolver [Method=getClusterEndpoints] [Line=43] - Resolving eureka endpoints via configuration
2022-03-18 20:02:32,948 [AsyncResolver-bootstrap-executor-0] INFO  c.n.d.s.r.a.ConfigClusterResolver [Method=getClusterEndpoints] [Line=43] - Resolving eureka endpoints via configuration
2022-03-18 20:05:20,278 [AsyncResolver-bootstrap-executor-0] INFO  c.n.d.s.r.a.ConfigClusterResolver [Method=getClusterEndpoints] [Line=43] - Resolving eureka endpoints via configuration
2022-03-18 20:06:17,090 [AsyncResolver-bootstrap-executor-0] INFO  c.n.d.s.r.a.ConfigClusterResolver [Method=getClusterEndpoints] [Line=43] - Resolving eureka endpoints via configuration
2022-03-18 20:07:32,964 [AsyncResolver-bootstrap-executor-0] INFO  c.n.d.s.r.a.ConfigClusterResolver [Method=getClusterEndpoints] [Line=43] - Resolving eureka endpoints via configuration
2022-03-18 20:10:20,282 [AsyncResolver-bootstrap-executor-0] INFO  c.n.d.s.r.a.ConfigClusterResolver [Method=getClusterEndpoints] [Line=43] - Resolving eureka endpoints via configuration
2022-03-18 20:11:17,098 [AsyncResolver-bootstrap-executor-0] INFO  c.n.d.s.r.a.ConfigClusterResolver [Method=getClusterEndpoints] [Line=43] - Resolving eureka endpoints via configuration
2022-03-18 20:12:32,981 [AsyncResolver-bootstrap-executor-0] INFO  c.n.d.s.r.a.ConfigClusterResolver [Method=getClusterEndpoints] [Line=43] - Resolving eureka endpoints via configuration
2022-03-18 20:15:20,293 [AsyncResolver-bootstrap-executor-0] INFO  c.n.d.s.r.a.ConfigClusterResolver [Method=getClusterEndpoints] [Line=43] - Resolving eureka endpoints via configuration
2022-03-18 20:16:17,113 [AsyncResolver-bootstrap-executor-0] INFO  c.n.d.s.r.a.ConfigClusterResolver [Method=getClusterEndpoints] [Line=43] - Resolving eureka endpoints via configuration
2022-03-18 20:17:32,983 [AsyncResolver-bootstrap-executor-0] INFO  c.n.d.s.r.a.ConfigClusterResolver [Method=getClusterEndpoints] [Line=43] - Resolving eureka endpoints via configuration
2022-03-18 20:20:20,309 [AsyncResolver-bootstrap-executor-0] INFO  c.n.d.s.r.a.ConfigClusterResolver [Method=getClusterEndpoints] [Line=43] - Resolving eureka endpoints via configuration
2022-03-18 20:21:17,131 [AsyncResolver-bootstrap-executor-0] INFO  c.n.d.s.r.a.ConfigClusterResolver [Method=getClusterEndpoints] [Line=43] - Resolving eureka endpoints via configuration
2022-03-18 20:22:32,987 [AsyncResolver-bootstrap-executor-0] INFO  c.n.d.s.r.a.ConfigClusterResolver [Method=getClusterEndpoints] [Line=43] - Resolving eureka endpoints via configuration
2022-03-18 20:25:20,316 [AsyncResolver-bootstrap-executor-0] INFO  c.n.d.s.r.a.ConfigClusterResolver [Method=getClusterEndpoints] [Line=43] - Resolving eureka endpoints via configuration
2022-03-18 20:26:17,142 [AsyncResolver-bootstrap-executor-0] INFO  c.n.d.s.r.a.ConfigClusterResolver [Method=getClusterEndpoints] [Line=43] - Resolving eureka endpoints via configuration
2022-03-18 20:27:32,991 [AsyncResolver-bootstrap-executor-0] INFO  c.n.d.s.r.a.ConfigClusterResolver [Method=getClusterEndpoints] [Line=43] - Resolving eureka endpoints via configuration
2022-03-18 20:30:20,327 [AsyncResolver-bootstrap-executor-0] INFO  c.n.d.s.r.a.ConfigClusterResolver [Method=getClusterEndpoints] [Line=43] - Resolving eureka endpoints via configuration
2022-03-18 20:31:17,156 [AsyncResolver-bootstrap-executor-0] INFO  c.n.d.s.r.a.ConfigClusterResolver [Method=getClusterEndpoints] [Line=43] - Resolving eureka endpoints via configuration
2022-03-18 20:32:32,992 [AsyncResolver-bootstrap-executor-0] INFO  c.n.d.s.r.a.ConfigClusterResolver [Method=getClusterEndpoints] [Line=43] - Resolving eureka endpoints via configuration
2022-03-18 20:35:20,341 [AsyncResolver-bootstrap-executor-0] INFO  c.n.d.s.r.a.ConfigClusterResolver [Method=getClusterEndpoints] [Line=43] - Resolving eureka endpoints via configuration
2022-03-18 20:36:17,157 [AsyncResolver-bootstrap-executor-0] INFO  c.n.d.s.r.a.ConfigClusterResolver [Method=getClusterEndpoints] [Line=43] - Resolving eureka endpoints via configuration
2022-03-18 20:37:33,006 [AsyncResolver-bootstrap-executor-0] INFO  c.n.d.s.r.a.ConfigClusterResolver [Method=getClusterEndpoints] [Line=43] - Resolving eureka endpoints via configuration
2022-03-18 20:40:20,355 [AsyncResolver-bootstrap-executor-0] INFO  c.n.d.s.r.a.ConfigClusterResolver [Method=getClusterEndpoints] [Line=43] - Resolving eureka endpoints via configuration
2022-03-18 20:41:17,163 [AsyncResolver-bootstrap-executor-0] INFO  c.n.d.s.r.a.ConfigClusterResolver [Method=getClusterEndpoints] [Line=43] - Resolving eureka endpoints via configuration
2022-03-18 20:42:33,012 [AsyncResolver-bootstrap-executor-0] INFO  c.n.d.s.r.a.ConfigClusterResolver [Method=getClusterEndpoints] [Line=43] - Resolving eureka endpoints via configuration
2022-03-18 20:45:20,362 [AsyncResolver-bootstrap-executor-0] INFO  c.n.d.s.r.a.ConfigClusterResolver [Method=getClusterEndpoints] [Line=43] - Resolving eureka endpoints via configuration
2022-03-18 20:46:17,168 [AsyncResolver-bootstrap-executor-0] INFO  c.n.d.s.r.a.ConfigClusterResolver [Method=getClusterEndpoints] [Line=43] - Resolving eureka endpoints via configuration
2022-03-18 20:47:33,022 [AsyncResolver-bootstrap-executor-0] INFO  c.n.d.s.r.a.ConfigClusterResolver [Method=getClusterEndpoints] [Line=43] - Resolving eureka endpoints via configuration
2022-03-18 20:50:20,372 [AsyncResolver-bootstrap-executor-0] INFO  c.n.d.s.r.a.ConfigClusterResolver [Method=getClusterEndpoints] [Line=43] - Resolving eureka endpoints via configuration
2022-03-18 20:51:17,176 [AsyncResolver-bootstrap-executor-0] INFO  c.n.d.s.r.a.ConfigClusterResolver [Method=getClusterEndpoints] [Line=43] - Resolving eureka endpoints via configuration
2022-03-18 20:52:33,029 [AsyncResolver-bootstrap-executor-0] INFO  c.n.d.s.r.a.ConfigClusterResolver [Method=getClusterEndpoints] [Line=43] - Resolving eureka endpoints via configuration
2022-03-18 20:55:20,388 [AsyncResolver-bootstrap-executor-0] INFO  c.n.d.s.r.a.ConfigClusterResolver [Method=getClusterEndpoints] [Line=43] - Resolving eureka endpoints via configuration
2022-03-18 20:56:17,188 [AsyncResolver-bootstrap-executor-0] INFO  c.n.d.s.r.a.ConfigClusterResolver [Method=getClusterEndpoints] [Line=43] - Resolving eureka endpoints via configuration
2022-03-18 20:57:33,041 [AsyncResolver-bootstrap-executor-0] INFO  c.n.d.s.r.a.ConfigClusterResolver [Method=getClusterEndpoints] [Line=43] - Resolving eureka endpoints via configuration
2022-03-18 21:00:20,401 [AsyncResolver-bootstrap-executor-0] INFO  c.n.d.s.r.a.ConfigClusterResolver [Method=getClusterEndpoints] [Line=43] - Resolving eureka endpoints via configuration
2022-03-18 21:01:17,199 [AsyncResolver-bootstrap-executor-0] INFO  c.n.d.s.r.a.ConfigClusterResolver [Method=getClusterEndpoints] [Line=43] - Resolving eureka endpoints via configuration
2022-03-18 21:02:33,049 [AsyncResolver-bootstrap-executor-0] INFO  c.n.d.s.r.a.ConfigClusterResolver [Method=getClusterEndpoints] [Line=43] - Resolving eureka endpoints via configuration
2022-03-18 21:11:29,720 [HikariPool-1 housekeeper] WARN  c.z.h.p.HikariPool [Method=run] [Line=788] - HikariPool-1 - Thread starvation or clock leap detected (housekeeper delta=6m44s697ms151s300ns).
2022-03-18 21:11:33,456 [HikariPool-1 housekeeper] WARN  c.z.h.p.HikariPool [Method=run] [Line=787] - HikariPool-1 - Thread starvation or clock leap detected (housekeeper delta=6m44s690ms230s400ns).
2022-03-18 21:11:35,075 [AsyncResolver-bootstrap-executor-0] INFO  c.n.d.s.r.a.ConfigClusterResolver [Method=getClusterEndpoints] [Line=43] - Resolving eureka endpoints via configuration
2022-03-18 21:11:47,032 [HikariPool-1 housekeeper] WARN  c.z.h.p.HikariPool [Method=run] [Line=787] - HikariPool-1 - Thread starvation or clock leap detected (housekeeper delta=6m44s693ms532s400ns).
2022-03-18 21:12:31,886 [AsyncResolver-bootstrap-executor-0] INFO  c.n.d.s.r.a.ConfigClusterResolver [Method=getClusterEndpoints] [Line=43] - Resolving eureka endpoints via configuration
2022-03-18 21:13:47,731 [AsyncResolver-bootstrap-executor-0] INFO  c.n.d.s.r.a.ConfigClusterResolver [Method=getClusterEndpoints] [Line=43] - Resolving eureka endpoints via configuration
2022-03-18 21:16:35,090 [AsyncResolver-bootstrap-executor-0] INFO  c.n.d.s.r.a.ConfigClusterResolver [Method=getClusterEndpoints] [Line=43] - Resolving eureka endpoints via configuration
2022-03-18 21:17:31,893 [AsyncResolver-bootstrap-executor-0] INFO  c.n.d.s.r.a.ConfigClusterResolver [Method=getClusterEndpoints] [Line=43] - Resolving eureka endpoints via configuration
2022-03-18 21:18:47,733 [AsyncResolver-bootstrap-executor-0] INFO  c.n.d.s.r.a.ConfigClusterResolver [Method=getClusterEndpoints] [Line=43] - Resolving eureka endpoints via configuration
2022-03-18 21:21:35,100 [AsyncResolver-bootstrap-executor-0] INFO  c.n.d.s.r.a.ConfigClusterResolver [Method=getClusterEndpoints] [Line=43] - Resolving eureka endpoints via configuration
2022-03-18 21:22:31,897 [AsyncResolver-bootstrap-executor-0] INFO  c.n.d.s.r.a.ConfigClusterResolver [Method=getClusterEndpoints] [Line=43] - Resolving eureka endpoints via configuration
2022-03-18 21:23:47,742 [AsyncResolver-bootstrap-executor-0] INFO  c.n.d.s.r.a.ConfigClusterResolver [Method=getClusterEndpoints] [Line=43] - Resolving eureka endpoints via configuration
2022-03-18 21:26:35,113 [AsyncResolver-bootstrap-executor-0] INFO  c.n.d.s.r.a.ConfigClusterResolver [Method=getClusterEndpoints] [Line=43] - Resolving eureka endpoints via configuration
2022-03-18 21:27:31,908 [AsyncResolver-bootstrap-executor-0] INFO  c.n.d.s.r.a.ConfigClusterResolver [Method=getClusterEndpoints] [Line=43] - Resolving eureka endpoints via configuration
2022-03-18 21:28:47,747 [AsyncResolver-bootstrap-executor-0] INFO  c.n.d.s.r.a.ConfigClusterResolver [Method=getClusterEndpoints] [Line=43] - Resolving eureka endpoints via configuration
2022-03-18 21:31:35,126 [AsyncResolver-bootstrap-executor-0] INFO  c.n.d.s.r.a.ConfigClusterResolver [Method=getClusterEndpoints] [Line=43] - Resolving eureka endpoints via configuration
2022-03-18 21:32:31,911 [AsyncResolver-bootstrap-executor-0] INFO  c.n.d.s.r.a.ConfigClusterResolver [Method=getClusterEndpoints] [Line=43] - Resolving eureka endpoints via configuration
2022-03-18 21:33:47,763 [AsyncResolver-bootstrap-executor-0] INFO  c.n.d.s.r.a.ConfigClusterResolver [Method=getClusterEndpoints] [Line=43] - Resolving eureka endpoints via configuration
2022-03-18 21:36:35,135 [AsyncResolver-bootstrap-executor-0] INFO  c.n.d.s.r.a.ConfigClusterResolver [Method=getClusterEndpoints] [Line=43] - Resolving eureka endpoints via configuration
2022-03-18 21:37:31,913 [AsyncResolver-bootstrap-executor-0] INFO  c.n.d.s.r.a.ConfigClusterResolver [Method=getClusterEndpoints] [Line=43] - Resolving eureka endpoints via configuration
2022-03-18 21:38:47,770 [AsyncResolver-bootstrap-executor-0] INFO  c.n.d.s.r.a.ConfigClusterResolver [Method=getClusterEndpoints] [Line=43] - Resolving eureka endpoints via configuration
2022-03-18 21:41:35,146 [AsyncResolver-bootstrap-executor-0] INFO  c.n.d.s.r.a.ConfigClusterResolver [Method=getClusterEndpoints] [Line=43] - Resolving eureka endpoints via configuration
2022-03-18 22:49:47,589 [HikariPool-1 housekeeper] WARN  c.z.h.p.HikariPool [Method=run] [Line=788] - HikariPool-1 - Thread starvation or clock leap detected (housekeeper delta=1h8m17s451ms894s100ns).
2022-03-18 22:49:51,386 [HikariPool-1 housekeeper] WARN  c.z.h.p.HikariPool [Method=run] [Line=787] - HikariPool-1 - Thread starvation or clock leap detected (housekeeper delta=1h8m17s440ms60s800ns).
2022-03-18 22:50:04,926 [HikariPool-1 housekeeper] WARN  c.z.h.p.HikariPool [Method=run] [Line=787] - HikariPool-1 - Thread starvation or clock leap detected (housekeeper delta=1h8m17s446ms154s300ns).
2022-03-18 22:50:19,351 [AsyncResolver-bootstrap-executor-0] INFO  c.n.d.s.r.a.ConfigClusterResolver [Method=getClusterEndpoints] [Line=43] - Resolving eureka endpoints via configuration
2022-03-18 22:50:53,897 [http-nio-9001-exec-9] WARN  o.h.e.j.s.SqlExceptionHelper [Method=logExceptions] [Line=137] - SQL Error: 0, SQLState: 08S01
2022-03-18 22:50:53,902 [http-nio-9001-exec-9] ERROR o.h.e.j.s.SqlExceptionHelper [Method=logExceptions] [Line=142] - HikariPool-1 - Connection is not available, request timed out after 30013ms.
2022-03-18 22:50:53,903 [http-nio-9001-exec-9] ERROR o.h.e.j.s.SqlExceptionHelper [Method=logExceptions] [Line=142] - No se pudo realizar la conexin TCP/IP al host 10.203.221.53, puerto 1433. Error: "connect timed out. Verifique las propiedades de conexin, compruebe que hay una instancia de SQL Server ejecutndose en el host y aceptando las conexiones TCP/IP en el puerto y compruebe que no hay ningn firewall bloqueando las conexiones TCP en el puerto.".
2022-03-18 22:50:53,960 [http-nio-9001-exec-9] ERROR o.a.c.c.C.[.[.[.[dispatcherServlet] [Method=log] [Line=175] - Servlet.service() for servlet [dispatcherServlet] in context with path [] threw exception [Request processing failed; nested exception is org.springframework.dao.DataAccessResourceFailureException: Unable to acquire JDBC Connection; nested exception is org.hibernate.exception.JDBCConnectionException: Unable to acquire JDBC Connection] with root cause
com.microsoft.sqlserver.jdbc.SQLServerException: No se pudo realizar la conexin TCP/IP al host 10.203.221.53, puerto 1433. Error: "connect timed out. Verifique las propiedades de conexin, compruebe que hay una instancia de SQL Server ejecutndose en el host y aceptando las conexiones TCP/IP en el puerto y compruebe que no hay ningn firewall bloqueando las conexiones TCP en el puerto.".
	at com.microsoft.sqlserver.jdbc.SQLServerException.makeFromDriverError(SQLServerException.java:234)
	at com.microsoft.sqlserver.jdbc.SQLServerException.ConvertConnectExceptionToSQLServerException(SQLServerException.java:285)
	at com.microsoft.sqlserver.jdbc.SocketFinder.findSocket(IOBuffer.java:2462)
	at com.microsoft.sqlserver.jdbc.TDSChannel.open(IOBuffer.java:668)
	at com.microsoft.sqlserver.jdbc.SQLServerConnection.connectHelper(SQLServerConnection.java:2695)
	at com.microsoft.sqlserver.jdbc.SQLServerConnection.login(SQLServerConnection.java:2362)
	at com.microsoft.sqlserver.jdbc.SQLServerConnection.connectInternal(SQLServerConnection.java:2213)
	at com.microsoft.sqlserver.jdbc.SQLServerConnection.connect(SQLServerConnection.java:1276)
	at com.microsoft.sqlserver.jdbc.SQLServerDriver.connect(SQLServerDriver.java:861)
	at com.zaxxer.hikari.util.DriverDataSource.getConnection(DriverDataSource.java:138)
	at com.zaxxer.hikari.pool.PoolBase.newConnection(PoolBase.java:358)
	at com.zaxxer.hikari.pool.PoolBase.newPoolEntry(PoolBase.java:206)
	at com.zaxxer.hikari.pool.HikariPool.createPoolEntry(HikariPool.java:477)
	at com.zaxxer.hikari.pool.HikariPool.access$100(HikariPool.java:71)
	at com.zaxxer.hikari.pool.HikariPool$PoolEntryCreator.call(HikariPool.java:725)
	at com.zaxxer.hikari.pool.HikariPool$PoolEntryCreator.call(HikariPool.java:711)
	at java.base/java.util.concurrent.FutureTask.run(FutureTask.java:264)
	at java.base/java.util.concurrent.ThreadPoolExecutor.runWorker(ThreadPoolExecutor.java:1128)
	at java.base/java.util.concurrent.ThreadPoolExecutor$Worker.run(ThreadPoolExecutor.java:628)
	at java.base/java.lang.Thread.run(Thread.java:834)
2022-03-18 22:51:13,887 [http-nio-9001-exec-6] WARN  o.h.e.j.s.SqlExceptionHelper [Method=logExceptions] [Line=137] - SQL Error: 0, SQLState: 08S01
2022-03-18 22:51:13,887 [http-nio-9001-exec-3] WARN  o.h.e.j.s.SqlExceptionHelper [Method=logExceptions] [Line=137] - SQL Error: 0, SQLState: 08S01
2022-03-18 22:51:13,887 [http-nio-9001-exec-7] WARN  o.h.e.j.s.SqlExceptionHelper [Method=logExceptions] [Line=137] - SQL Error: 0, SQLState: 08S01
2022-03-18 22:51:13,887 [http-nio-9001-exec-8] WARN  o.h.e.j.s.SqlExceptionHelper [Method=logExceptions] [Line=137] - SQL Error: 0, SQLState: 08S01
2022-03-18 22:51:13,887 [http-nio-9001-exec-3] ERROR o.h.e.j.s.SqlExceptionHelper [Method=logExceptions] [Line=142] - HikariPool-1 - Connection is not available, request timed out after 30012ms.
2022-03-18 22:51:13,887 [http-nio-9001-exec-6] ERROR o.h.e.j.s.SqlExceptionHelper [Method=logExceptions] [Line=142] - HikariPool-1 - Connection is not available, request timed out after 30012ms.
2022-03-18 22:51:13,888 [http-nio-9001-exec-8] ERROR o.h.e.j.s.SqlExceptionHelper [Method=logExceptions] [Line=142] - HikariPool-1 - Connection is not available, request timed out after 30012ms.
2022-03-18 22:51:13,888 [http-nio-9001-exec-7] ERROR o.h.e.j.s.SqlExceptionHelper [Method=logExceptions] [Line=142] - HikariPool-1 - Connection is not available, request timed out after 30009ms.
2022-03-18 22:51:13,888 [http-nio-9001-exec-3] ERROR o.h.e.j.s.SqlExceptionHelper [Method=logExceptions] [Line=142] - No se pudo realizar la conexin TCP/IP al host 10.203.221.53, puerto 1433. Error: "connect timed out. Verifique las propiedades de conexin, compruebe que hay una instancia de SQL Server ejecutndose en el host y aceptando las conexiones TCP/IP en el puerto y compruebe que no hay ningn firewall bloqueando las conexiones TCP en el puerto.".
2022-03-18 22:51:13,888 [http-nio-9001-exec-6] ERROR o.h.e.j.s.SqlExceptionHelper [Method=logExceptions] [Line=142] - No se pudo realizar la conexin TCP/IP al host 10.203.221.53, puerto 1433. Error: "connect timed out. Verifique las propiedades de conexin, compruebe que hay una instancia de SQL Server ejecutndose en el host y aceptando las conexiones TCP/IP en el puerto y compruebe que no hay ningn firewall bloqueando las conexiones TCP en el puerto.".
2022-03-18 22:51:13,888 [http-nio-9001-exec-8] ERROR o.h.e.j.s.SqlExceptionHelper [Method=logExceptions] [Line=142] - No se pudo realizar la conexin TCP/IP al host 10.203.221.53, puerto 1433. Error: "connect timed out. Verifique las propiedades de conexin, compruebe que hay una instancia de SQL Server ejecutndose en el host y aceptando las conexiones TCP/IP en el puerto y compruebe que no hay ningn firewall bloqueando las conexiones TCP en el puerto.".
2022-03-18 22:51:13,888 [http-nio-9001-exec-7] ERROR o.h.e.j.s.SqlExceptionHelper [Method=logExceptions] [Line=142] - No se pudo realizar la conexin TCP/IP al host 10.203.221.53, puerto 1433. Error: "connect timed out. Verifique las propiedades de conexin, compruebe que hay una instancia de SQL Server ejecutndose en el host y aceptando las conexiones TCP/IP en el puerto y compruebe que no hay ningn firewall bloqueando las conexiones TCP en el puerto.".
2022-03-18 22:51:13,889 [http-nio-9001-exec-3] ERROR o.a.c.c.C.[.[.[.[dispatcherServlet] [Method=log] [Line=175] - Servlet.service() for servlet [dispatcherServlet] in context with path [] threw exception [Request processing failed; nested exception is org.springframework.dao.DataAccessResourceFailureException: Unable to acquire JDBC Connection; nested exception is org.hibernate.exception.JDBCConnectionException: Unable to acquire JDBC Connection] with root cause
com.microsoft.sqlserver.jdbc.SQLServerException: No se pudo realizar la conexin TCP/IP al host 10.203.221.53, puerto 1433. Error: "connect timed out. Verifique las propiedades de conexin, compruebe que hay una instancia de SQL Server ejecutndose en el host y aceptando las conexiones TCP/IP en el puerto y compruebe que no hay ningn firewall bloqueando las conexiones TCP en el puerto.".
	at com.microsoft.sqlserver.jdbc.SQLServerException.makeFromDriverError(SQLServerException.java:234)
	at com.microsoft.sqlserver.jdbc.SQLServerException.ConvertConnectExceptionToSQLServerException(SQLServerException.java:285)
	at com.microsoft.sqlserver.jdbc.SocketFinder.findSocket(IOBuffer.java:2462)
	at com.microsoft.sqlserver.jdbc.TDSChannel.open(IOBuffer.java:668)
	at com.microsoft.sqlserver.jdbc.SQLServerConnection.connectHelper(SQLServerConnection.java:2695)
	at com.microsoft.sqlserver.jdbc.SQLServerConnection.login(SQLServerConnection.java:2362)
	at com.microsoft.sqlserver.jdbc.SQLServerConnection.connectInternal(SQLServerConnection.java:2213)
	at com.microsoft.sqlserver.jdbc.SQLServerConnection.connect(SQLServerConnection.java:1276)
	at com.microsoft.sqlserver.jdbc.SQLServerDriver.connect(SQLServerDriver.java:861)
	at com.zaxxer.hikari.util.DriverDataSource.getConnection(DriverDataSource.java:138)
	at com.zaxxer.hikari.pool.PoolBase.newConnection(PoolBase.java:358)
	at com.zaxxer.hikari.pool.PoolBase.newPoolEntry(PoolBase.java:206)
	at com.zaxxer.hikari.pool.HikariPool.createPoolEntry(HikariPool.java:477)
	at com.zaxxer.hikari.pool.HikariPool.access$100(HikariPool.java:71)
	at com.zaxxer.hikari.pool.HikariPool$PoolEntryCreator.call(HikariPool.java:725)
	at com.zaxxer.hikari.pool.HikariPool$PoolEntryCreator.call(HikariPool.java:711)
	at java.base/java.util.concurrent.FutureTask.run(FutureTask.java:264)
	at java.base/java.util.concurrent.ThreadPoolExecutor.runWorker(ThreadPoolExecutor.java:1128)
	at java.base/java.util.concurrent.ThreadPoolExecutor$Worker.run(ThreadPoolExecutor.java:628)
	at java.base/java.lang.Thread.run(Thread.java:834)
2022-03-18 22:51:13,889 [http-nio-9001-exec-8] ERROR o.a.c.c.C.[.[.[.[dispatcherServlet] [Method=log] [Line=175] - Servlet.service() for servlet [dispatcherServlet] in context with path [] threw exception [Request processing failed; nested exception is org.springframework.dao.DataAccessResourceFailureException: Unable to acquire JDBC Connection; nested exception is org.hibernate.exception.JDBCConnectionException: Unable to acquire JDBC Connection] with root cause
com.microsoft.sqlserver.jdbc.SQLServerException: No se pudo realizar la conexin TCP/IP al host 10.203.221.53, puerto 1433. Error: "connect timed out. Verifique las propiedades de conexin, compruebe que hay una instancia de SQL Server ejecutndose en el host y aceptando las conexiones TCP/IP en el puerto y compruebe que no hay ningn firewall bloqueando las conexiones TCP en el puerto.".
	at com.microsoft.sqlserver.jdbc.SQLServerException.makeFromDriverError(SQLServerException.java:234)
	at com.microsoft.sqlserver.jdbc.SQLServerException.ConvertConnectExceptionToSQLServerException(SQLServerException.java:285)
	at com.microsoft.sqlserver.jdbc.SocketFinder.findSocket(IOBuffer.java:2462)
	at com.microsoft.sqlserver.jdbc.TDSChannel.open(IOBuffer.java:668)
	at com.microsoft.sqlserver.jdbc.SQLServerConnection.connectHelper(SQLServerConnection.java:2695)
	at com.microsoft.sqlserver.jdbc.SQLServerConnection.login(SQLServerConnection.java:2362)
	at com.microsoft.sqlserver.jdbc.SQLServerConnection.connectInternal(SQLServerConnection.java:2213)
	at com.microsoft.sqlserver.jdbc.SQLServerConnection.connect(SQLServerConnection.java:1276)
	at com.microsoft.sqlserver.jdbc.SQLServerDriver.connect(SQLServerDriver.java:861)
	at com.zaxxer.hikari.util.DriverDataSource.getConnection(DriverDataSource.java:138)
	at com.zaxxer.hikari.pool.PoolBase.newConnection(PoolBase.java:358)
	at com.zaxxer.hikari.pool.PoolBase.newPoolEntry(PoolBase.java:206)
	at com.zaxxer.hikari.pool.HikariPool.createPoolEntry(HikariPool.java:477)
	at com.zaxxer.hikari.pool.HikariPool.access$100(HikariPool.java:71)
	at com.zaxxer.hikari.pool.HikariPool$PoolEntryCreator.call(HikariPool.java:725)
	at com.zaxxer.hikari.pool.HikariPool$PoolEntryCreator.call(HikariPool.java:711)
	at java.base/java.util.concurrent.FutureTask.run(FutureTask.java:264)
	at java.base/java.util.concurrent.ThreadPoolExecutor.runWorker(ThreadPoolExecutor.java:1128)
	at java.base/java.util.concurrent.ThreadPoolExecutor$Worker.run(ThreadPoolExecutor.java:628)
	at java.base/java.lang.Thread.run(Thread.java:834)
2022-03-18 22:51:13,889 [http-nio-9001-exec-7] ERROR o.a.c.c.C.[.[.[.[dispatcherServlet] [Method=log] [Line=175] - Servlet.service() for servlet [dispatcherServlet] in context with path [] threw exception [Request processing failed; nested exception is org.springframework.dao.DataAccessResourceFailureException: Unable to acquire JDBC Connection; nested exception is org.hibernate.exception.JDBCConnectionException: Unable to acquire JDBC Connection] with root cause
com.microsoft.sqlserver.jdbc.SQLServerException: No se pudo realizar la conexin TCP/IP al host 10.203.221.53, puerto 1433. Error: "connect timed out. Verifique las propiedades de conexin, compruebe que hay una instancia de SQL Server ejecutndose en el host y aceptando las conexiones TCP/IP en el puerto y compruebe que no hay ningn firewall bloqueando las conexiones TCP en el puerto.".
	at com.microsoft.sqlserver.jdbc.SQLServerException.makeFromDriverError(SQLServerException.java:234)
	at com.microsoft.sqlserver.jdbc.SQLServerException.ConvertConnectExceptionToSQLServerException(SQLServerException.java:285)
	at com.microsoft.sqlserver.jdbc.SocketFinder.findSocket(IOBuffer.java:2462)
	at com.microsoft.sqlserver.jdbc.TDSChannel.open(IOBuffer.java:668)
	at com.microsoft.sqlserver.jdbc.SQLServerConnection.connectHelper(SQLServerConnection.java:2695)
	at com.microsoft.sqlserver.jdbc.SQLServerConnection.login(SQLServerConnection.java:2362)
	at com.microsoft.sqlserver.jdbc.SQLServerConnection.connectInternal(SQLServerConnection.java:2213)
	at com.microsoft.sqlserver.jdbc.SQLServerConnection.connect(SQLServerConnection.java:1276)
	at com.microsoft.sqlserver.jdbc.SQLServerDriver.connect(SQLServerDriver.java:861)
	at com.zaxxer.hikari.util.DriverDataSource.getConnection(DriverDataSource.java:138)
	at com.zaxxer.hikari.pool.PoolBase.newConnection(PoolBase.java:358)
	at com.zaxxer.hikari.pool.PoolBase.newPoolEntry(PoolBase.java:206)
	at com.zaxxer.hikari.pool.HikariPool.createPoolEntry(HikariPool.java:477)
	at com.zaxxer.hikari.pool.HikariPool.access$100(HikariPool.java:71)
	at com.zaxxer.hikari.pool.HikariPool$PoolEntryCreator.call(HikariPool.java:725)
	at com.zaxxer.hikari.pool.HikariPool$PoolEntryCreator.call(HikariPool.java:711)
	at java.base/java.util.concurrent.FutureTask.run(FutureTask.java:264)
	at java.base/java.util.concurrent.ThreadPoolExecutor.runWorker(ThreadPoolExecutor.java:1128)
	at java.base/java.util.concurrent.ThreadPoolExecutor$Worker.run(ThreadPoolExecutor.java:628)
	at java.base/java.lang.Thread.run(Thread.java:834)
2022-03-18 22:51:13,889 [http-nio-9001-exec-6] ERROR o.a.c.c.C.[.[.[.[dispatcherServlet] [Method=log] [Line=175] - Servlet.service() for servlet [dispatcherServlet] in context with path [] threw exception [Request processing failed; nested exception is org.springframework.dao.DataAccessResourceFailureException: Unable to acquire JDBC Connection; nested exception is org.hibernate.exception.JDBCConnectionException: Unable to acquire JDBC Connection] with root cause
com.microsoft.sqlserver.jdbc.SQLServerException: No se pudo realizar la conexin TCP/IP al host 10.203.221.53, puerto 1433. Error: "connect timed out. Verifique las propiedades de conexin, compruebe que hay una instancia de SQL Server ejecutndose en el host y aceptando las conexiones TCP/IP en el puerto y compruebe que no hay ningn firewall bloqueando las conexiones TCP en el puerto.".
	at com.microsoft.sqlserver.jdbc.SQLServerException.makeFromDriverError(SQLServerException.java:234)
	at com.microsoft.sqlserver.jdbc.SQLServerException.ConvertConnectExceptionToSQLServerException(SQLServerException.java:285)
	at com.microsoft.sqlserver.jdbc.SocketFinder.findSocket(IOBuffer.java:2462)
	at com.microsoft.sqlserver.jdbc.TDSChannel.open(IOBuffer.java:668)
	at com.microsoft.sqlserver.jdbc.SQLServerConnection.connectHelper(SQLServerConnection.java:2695)
	at com.microsoft.sqlserver.jdbc.SQLServerConnection.login(SQLServerConnection.java:2362)
	at com.microsoft.sqlserver.jdbc.SQLServerConnection.connectInternal(SQLServerConnection.java:2213)
	at com.microsoft.sqlserver.jdbc.SQLServerConnection.connect(SQLServerConnection.java:1276)
	at com.microsoft.sqlserver.jdbc.SQLServerDriver.connect(SQLServerDriver.java:861)
	at com.zaxxer.hikari.util.DriverDataSource.getConnection(DriverDataSource.java:138)
	at com.zaxxer.hikari.pool.PoolBase.newConnection(PoolBase.java:358)
	at com.zaxxer.hikari.pool.PoolBase.newPoolEntry(PoolBase.java:206)
	at com.zaxxer.hikari.pool.HikariPool.createPoolEntry(HikariPool.java:477)
	at com.zaxxer.hikari.pool.HikariPool.access$100(HikariPool.java:71)
	at com.zaxxer.hikari.pool.HikariPool$PoolEntryCreator.call(HikariPool.java:725)
	at com.zaxxer.hikari.pool.HikariPool$PoolEntryCreator.call(HikariPool.java:711)
	at java.base/java.util.concurrent.FutureTask.run(FutureTask.java:264)
	at java.base/java.util.concurrent.ThreadPoolExecutor.runWorker(ThreadPoolExecutor.java:1128)
	at java.base/java.util.concurrent.ThreadPoolExecutor$Worker.run(ThreadPoolExecutor.java:628)
	at java.base/java.lang.Thread.run(Thread.java:834)
2022-03-18 22:51:35,207 [AsyncResolver-bootstrap-executor-0] INFO  c.n.d.s.r.a.ConfigClusterResolver [Method=getClusterEndpoints] [Line=43] - Resolving eureka endpoints via configuration
2022-03-18 22:54:22,581 [AsyncResolver-bootstrap-executor-0] INFO  c.n.d.s.r.a.ConfigClusterResolver [Method=getClusterEndpoints] [Line=43] - Resolving eureka endpoints via configuration
2022-03-18 22:55:19,365 [AsyncResolver-bootstrap-executor-0] INFO  c.n.d.s.r.a.ConfigClusterResolver [Method=getClusterEndpoints] [Line=43] - Resolving eureka endpoints via configuration
2022-03-18 22:56:35,209 [AsyncResolver-bootstrap-executor-0] INFO  c.n.d.s.r.a.ConfigClusterResolver [Method=getClusterEndpoints] [Line=43] - Resolving eureka endpoints via configuration
2022-03-18 22:59:22,589 [AsyncResolver-bootstrap-executor-0] INFO  c.n.d.s.r.a.ConfigClusterResolver [Method=getClusterEndpoints] [Line=43] - Resolving eureka endpoints via configuration
2022-03-18 23:00:19,381 [AsyncResolver-bootstrap-executor-0] INFO  c.n.d.s.r.a.ConfigClusterResolver [Method=getClusterEndpoints] [Line=43] - Resolving eureka endpoints via configuration
2022-03-18 23:01:35,221 [AsyncResolver-bootstrap-executor-0] INFO  c.n.d.s.r.a.ConfigClusterResolver [Method=getClusterEndpoints] [Line=43] - Resolving eureka endpoints via configuration
2022-03-18 23:04:22,599 [AsyncResolver-bootstrap-executor-0] INFO  c.n.d.s.r.a.ConfigClusterResolver [Method=getClusterEndpoints] [Line=43] - Resolving eureka endpoints via configuration
2022-03-18 23:05:19,386 [AsyncResolver-bootstrap-executor-0] INFO  c.n.d.s.r.a.ConfigClusterResolver [Method=getClusterEndpoints] [Line=43] - Resolving eureka endpoints via configuration
2022-03-18 23:06:35,235 [AsyncResolver-bootstrap-executor-0] INFO  c.n.d.s.r.a.ConfigClusterResolver [Method=getClusterEndpoints] [Line=43] - Resolving eureka endpoints via configuration
2022-03-18 23:09:22,602 [AsyncResolver-bootstrap-executor-0] INFO  c.n.d.s.r.a.ConfigClusterResolver [Method=getClusterEndpoints] [Line=43] - Resolving eureka endpoints via configuration
2022-03-18 23:10:19,393 [AsyncResolver-bootstrap-executor-0] INFO  c.n.d.s.r.a.ConfigClusterResolver [Method=getClusterEndpoints] [Line=43] - Resolving eureka endpoints via configuration
2022-03-18 23:11:14,435 [http-nio-9002-exec-1] INFO  o.a.c.c.C.[.[.[/] [Method=log] [Line=173] - Initializing Spring DispatcherServlet 'dispatcherServlet'
2022-03-18 23:11:14,435 [http-nio-9002-exec-1] INFO  o.s.w.s.DispatcherServlet [Method=initServletBean] [Line=525] - Initializing Servlet 'dispatcherServlet'
2022-03-18 23:11:14,477 [http-nio-9002-exec-1] INFO  o.s.w.s.DispatcherServlet [Method=initServletBean] [Line=547] - Completed initialization in 41 ms
2022-03-18 23:11:35,252 [AsyncResolver-bootstrap-executor-0] INFO  c.n.d.s.r.a.ConfigClusterResolver [Method=getClusterEndpoints] [Line=43] - Resolving eureka endpoints via configuration
2022-03-18 23:14:22,612 [AsyncResolver-bootstrap-executor-0] INFO  c.n.d.s.r.a.ConfigClusterResolver [Method=getClusterEndpoints] [Line=43] - Resolving eureka endpoints via configuration
2022-03-18 23:15:19,409 [AsyncResolver-bootstrap-executor-0] INFO  c.n.d.s.r.a.ConfigClusterResolver [Method=getClusterEndpoints] [Line=43] - Resolving eureka endpoints via configuration
2022-03-18 23:16:35,267 [AsyncResolver-bootstrap-executor-0] INFO  c.n.d.s.r.a.ConfigClusterResolver [Method=getClusterEndpoints] [Line=43] - Resolving eureka endpoints via configuration
2022-03-18 23:19:22,620 [AsyncResolver-bootstrap-executor-0] INFO  c.n.d.s.r.a.ConfigClusterResolver [Method=getClusterEndpoints] [Line=43] - Resolving eureka endpoints via configuration
2022-03-18 23:20:19,418 [AsyncResolver-bootstrap-executor-0] INFO  c.n.d.s.r.a.ConfigClusterResolver [Method=getClusterEndpoints] [Line=43] - Resolving eureka endpoints via configuration
2022-03-18 23:21:35,277 [AsyncResolver-bootstrap-executor-0] INFO  c.n.d.s.r.a.ConfigClusterResolver [Method=getClusterEndpoints] [Line=43] - Resolving eureka endpoints via configuration
2022-03-18 23:24:22,631 [AsyncResolver-bootstrap-executor-0] INFO  c.n.d.s.r.a.ConfigClusterResolver [Method=getClusterEndpoints] [Line=43] - Resolving eureka endpoints via configuration
2022-03-18 23:25:19,428 [AsyncResolver-bootstrap-executor-0] INFO  c.n.d.s.r.a.ConfigClusterResolver [Method=getClusterEndpoints] [Line=43] - Resolving eureka endpoints via configuration
2022-03-18 23:26:35,283 [AsyncResolver-bootstrap-executor-0] INFO  c.n.d.s.r.a.ConfigClusterResolver [Method=getClusterEndpoints] [Line=43] - Resolving eureka endpoints via configuration
2022-03-18 23:29:22,646 [AsyncResolver-bootstrap-executor-0] INFO  c.n.d.s.r.a.ConfigClusterResolver [Method=getClusterEndpoints] [Line=43] - Resolving eureka endpoints via configuration
2022-03-18 23:30:19,445 [AsyncResolver-bootstrap-executor-0] INFO  c.n.d.s.r.a.ConfigClusterResolver [Method=getClusterEndpoints] [Line=43] - Resolving eureka endpoints via configuration
2022-03-18 23:31:35,298 [AsyncResolver-bootstrap-executor-0] INFO  c.n.d.s.r.a.ConfigClusterResolver [Method=getClusterEndpoints] [Line=43] - Resolving eureka endpoints via configuration
2022-03-18 23:34:22,657 [AsyncResolver-bootstrap-executor-0] INFO  c.n.d.s.r.a.ConfigClusterResolver [Method=getClusterEndpoints] [Line=43] - Resolving eureka endpoints via configuration
2022-03-18 23:35:19,460 [AsyncResolver-bootstrap-executor-0] INFO  c.n.d.s.r.a.ConfigClusterResolver [Method=getClusterEndpoints] [Line=43] - Resolving eureka endpoints via configuration
2022-03-18 23:36:35,315 [AsyncResolver-bootstrap-executor-0] INFO  c.n.d.s.r.a.ConfigClusterResolver [Method=getClusterEndpoints] [Line=43] - Resolving eureka endpoints via configuration
2022-03-18 23:39:22,663 [AsyncResolver-bootstrap-executor-0] INFO  c.n.d.s.r.a.ConfigClusterResolver [Method=getClusterEndpoints] [Line=43] - Resolving eureka endpoints via configuration
2022-03-18 23:40:19,464 [AsyncResolver-bootstrap-executor-0] INFO  c.n.d.s.r.a.ConfigClusterResolver [Method=getClusterEndpoints] [Line=43] - Resolving eureka endpoints via configuration
2022-03-18 23:41:35,321 [AsyncResolver-bootstrap-executor-0] INFO  c.n.d.s.r.a.ConfigClusterResolver [Method=getClusterEndpoints] [Line=43] - Resolving eureka endpoints via configuration
2022-03-18 23:44:22,670 [AsyncResolver-bootstrap-executor-0] INFO  c.n.d.s.r.a.ConfigClusterResolver [Method=getClusterEndpoints] [Line=43] - Resolving eureka endpoints via configuration
2022-03-18 23:45:19,479 [AsyncResolver-bootstrap-executor-0] INFO  c.n.d.s.r.a.ConfigClusterResolver [Method=getClusterEndpoints] [Line=43] - Resolving eureka endpoints via configuration
2022-03-18 23:46:35,333 [AsyncResolver-bootstrap-executor-0] INFO  c.n.d.s.r.a.ConfigClusterResolver [Method=getClusterEndpoints] [Line=43] - Resolving eureka endpoints via configuration
2022-03-18 23:49:22,692 [AsyncResolver-bootstrap-executor-0] INFO  c.n.d.s.r.a.ConfigClusterResolver [Method=getClusterEndpoints] [Line=43] - Resolving eureka endpoints via configuration
2022-03-18 23:50:19,486 [AsyncResolver-bootstrap-executor-0] INFO  c.n.d.s.r.a.ConfigClusterResolver [Method=getClusterEndpoints] [Line=43] - Resolving eureka endpoints via configuration
2022-03-18 23:51:35,345 [AsyncResolver-bootstrap-executor-0] INFO  c.n.d.s.r.a.ConfigClusterResolver [Method=getClusterEndpoints] [Line=43] - Resolving eureka endpoints via configuration
2022-03-18 23:54:22,701 [AsyncResolver-bootstrap-executor-0] INFO  c.n.d.s.r.a.ConfigClusterResolver [Method=getClusterEndpoints] [Line=43] - Resolving eureka endpoints via configuration
2022-03-18 23:55:19,489 [AsyncResolver-bootstrap-executor-0] INFO  c.n.d.s.r.a.ConfigClusterResolver [Method=getClusterEndpoints] [Line=43] - Resolving eureka endpoints via configuration
2022-03-18 23:56:35,361 [AsyncResolver-bootstrap-executor-0] INFO  c.n.d.s.r.a.ConfigClusterResolver [Method=getClusterEndpoints] [Line=43] - Resolving eureka endpoints via configuration
2022-03-18 23:59:22,712 [AsyncResolver-bootstrap-executor-0] INFO  c.n.d.s.r.a.ConfigClusterResolver [Method=getClusterEndpoints] [Line=43] - Resolving eureka endpoints via configuration
2022-03-19 00:00:19,492 [AsyncResolver-bootstrap-executor-0] INFO  c.n.d.s.r.a.ConfigClusterResolver [Method=getClusterEndpoints] [Line=43] - Resolving eureka endpoints via configuration
2022-03-19 00:01:35,366 [AsyncResolver-bootstrap-executor-0] INFO  c.n.d.s.r.a.ConfigClusterResolver [Method=getClusterEndpoints] [Line=43] - Resolving eureka endpoints via configuration
2022-03-19 00:04:22,719 [AsyncResolver-bootstrap-executor-0] INFO  c.n.d.s.r.a.ConfigClusterResolver [Method=getClusterEndpoints] [Line=43] - Resolving eureka endpoints via configuration
2022-03-19 00:05:19,513 [AsyncResolver-bootstrap-executor-0] INFO  c.n.d.s.r.a.ConfigClusterResolver [Method=getClusterEndpoints] [Line=43] - Resolving eureka endpoints via configuration
2022-03-19 00:06:35,386 [AsyncResolver-bootstrap-executor-0] INFO  c.n.d.s.r.a.ConfigClusterResolver [Method=getClusterEndpoints] [Line=43] - Resolving eureka endpoints via configuration
2022-03-19 00:09:22,735 [AsyncResolver-bootstrap-executor-0] INFO  c.n.d.s.r.a.ConfigClusterResolver [Method=getClusterEndpoints] [Line=43] - Resolving eureka endpoints via configuration
2022-03-19 00:10:19,522 [AsyncResolver-bootstrap-executor-0] INFO  c.n.d.s.r.a.ConfigClusterResolver [Method=getClusterEndpoints] [Line=43] - Resolving eureka endpoints via configuration
2022-03-19 00:11:35,394 [AsyncResolver-bootstrap-executor-0] INFO  c.n.d.s.r.a.ConfigClusterResolver [Method=getClusterEndpoints] [Line=43] - Resolving eureka endpoints via configuration
2022-03-19 00:14:22,740 [AsyncResolver-bootstrap-executor-0] INFO  c.n.d.s.r.a.ConfigClusterResolver [Method=getClusterEndpoints] [Line=43] - Resolving eureka endpoints via configuration
2022-03-19 00:15:19,531 [AsyncResolver-bootstrap-executor-0] INFO  c.n.d.s.r.a.ConfigClusterResolver [Method=getClusterEndpoints] [Line=43] - Resolving eureka endpoints via configuration
2022-03-19 00:16:35,410 [AsyncResolver-bootstrap-executor-0] INFO  c.n.d.s.r.a.ConfigClusterResolver [Method=getClusterEndpoints] [Line=43] - Resolving eureka endpoints via configuration
